[0.430s] Invoking command in '/home/amwhisper/ros/workspace/nbr2_ws/src/autoaim': PYTHONPATH=/home/amwhisper/ros/workspace/nbr2_ws/build/autoaim/prefix_override:/home/amwhisper/ros/workspace/nbr2_ws/install/autoaim/lib/python3.10/site-packages:${PYTHONPATH} /usr/bin/python3 -W ignore:setup.py install is deprecated setup.py egg_info --egg-base ../../build/autoaim build --build-base /home/amwhisper/ros/workspace/nbr2_ws/build/autoaim/build install --record /home/amwhisper/ros/workspace/nbr2_ws/build/autoaim/install.log --single-version-externally-managed install_data
[0.602s] running egg_info
[0.602s] writing ../../build/autoaim/autoaim.egg-info/PKG-INFO
[0.603s] writing dependency_links to ../../build/autoaim/autoaim.egg-info/dependency_links.txt
[0.603s] writing entry points to ../../build/autoaim/autoaim.egg-info/entry_points.txt
[0.603s] writing requirements to ../../build/autoaim/autoaim.egg-info/requires.txt
[0.603s] writing top-level names to ../../build/autoaim/autoaim.egg-info/top_level.txt
[0.605s] reading manifest file '../../build/autoaim/autoaim.egg-info/SOURCES.txt'
[0.605s] writing manifest file '../../build/autoaim/autoaim.egg-info/SOURCES.txt'
[0.606s] running build
[0.606s] running build_py
[0.606s] copying autoaim/attrdict.py -> /home/amwhisper/ros/workspace/nbr2_ws/build/autoaim/build/lib/autoaim
[0.606s] running install
[0.606s] running install_lib
[0.607s] copying /home/amwhisper/ros/workspace/nbr2_ws/build/autoaim/build/lib/autoaim/attrdict.py -> /home/amwhisper/ros/workspace/nbr2_ws/install/autoaim/lib/python3.10/site-packages/autoaim
[0.608s] byte-compiling /home/amwhisper/ros/workspace/nbr2_ws/install/autoaim/lib/python3.10/site-packages/autoaim/attrdict.py to attrdict.cpython-310.pyc
[0.608s] running install_data
[0.609s] creating /home/amwhisper/ros/workspace/nbr2_ws/install/autoaim/share/autoaim/weights
[0.609s] copying weights/lamp.csv -> /home/amwhisper/ros/workspace/nbr2_ws/install/autoaim/share/autoaim/weights
[0.609s] copying weights/pair.csv -> /home/amwhisper/ros/workspace/nbr2_ws/install/autoaim/share/autoaim/weights
[0.609s] running install_egg_info
[0.610s] removing '/home/amwhisper/ros/workspace/nbr2_ws/install/autoaim/lib/python3.10/site-packages/autoaim-0.0.0-py3.10.egg-info' (and everything under it)
[0.610s] Copying ../../build/autoaim/autoaim.egg-info to /home/amwhisper/ros/workspace/nbr2_ws/install/autoaim/lib/python3.10/site-packages/autoaim-0.0.0-py3.10.egg-info
[0.611s] running install_scripts
[0.628s] writing list of installed files to '/home/amwhisper/ros/workspace/nbr2_ws/build/autoaim/install.log'
[0.646s] Invoked command in '/home/amwhisper/ros/workspace/nbr2_ws/src/autoaim' returned '0': PYTHONPATH=/home/amwhisper/ros/workspace/nbr2_ws/build/autoaim/prefix_override:/home/amwhisper/ros/workspace/nbr2_ws/install/autoaim/lib/python3.10/site-packages:${PYTHONPATH} /usr/bin/python3 -W ignore:setup.py install is deprecated setup.py egg_info --egg-base ../../build/autoaim build --build-base /home/amwhisper/ros/workspace/nbr2_ws/build/autoaim/build install --record /home/amwhisper/ros/workspace/nbr2_ws/build/autoaim/install.log --single-version-externally-managed install_data
