running egg_info
creating ../../build/node_bridge_ros2/node_bridge_ros2.egg-info
writing ../../build/node_bridge_ros2/node_bridge_ros2.egg-info/PKG-INFO
writing dependency_links to ../../build/node_bridge_ros2/node_bridge_ros2.egg-info/dependency_links.txt
writing entry points to ../../build/node_bridge_ros2/node_bridge_ros2.egg-info/entry_points.txt
writing requirements to ../../build/node_bridge_ros2/node_bridge_ros2.egg-info/requires.txt
writing top-level names to ../../build/node_bridge_ros2/node_bridge_ros2.egg-info/top_level.txt
writing manifest file '../../build/node_bridge_ros2/node_bridge_ros2.egg-info/SOURCES.txt'
reading manifest file '../../build/node_bridge_ros2/node_bridge_ros2.egg-info/SOURCES.txt'
writing manifest file '../../build/node_bridge_ros2/node_bridge_ros2.egg-info/SOURCES.txt'
running build
running build_py
creating /home/amwhisper/ros/workspace/nbr2_ws/build/node_bridge_ros2/build
creating /home/amwhisper/ros/workspace/nbr2_ws/build/node_bridge_ros2/build/lib
creating /home/amwhisper/ros/workspace/nbr2_ws/build/node_bridge_ros2/build/lib/node_bridge_ros2
copying node_bridge_ros2/bridge.py -> /home/amwhisper/ros/workspace/nbr2_ws/build/node_bridge_ros2/build/lib/node_bridge_ros2
copying node_bridge_ros2/bridge_ros2.py -> /home/amwhisper/ros/workspace/nbr2_ws/build/node_bridge_ros2/build/lib/node_bridge_ros2
copying node_bridge_ros2/__init__.py -> /home/amwhisper/ros/workspace/nbr2_ws/build/node_bridge_ros2/build/lib/node_bridge_ros2
copying node_bridge_ros2/protocol.py -> /home/amwhisper/ros/workspace/nbr2_ws/build/node_bridge_ros2/build/lib/node_bridge_ros2
copying node_bridge_ros2/test.py -> /home/amwhisper/ros/workspace/nbr2_ws/build/node_bridge_ros2/build/lib/node_bridge_ros2
copying node_bridge_ros2/helpers.py -> /home/amwhisper/ros/workspace/nbr2_ws/build/node_bridge_ros2/build/lib/node_bridge_ros2
running install
running install_lib
creating /home/amwhisper/ros/workspace/nbr2_ws/install/node_bridge_ros2/lib/python3.10/site-packages/node_bridge_ros2
copying /home/amwhisper/ros/workspace/nbr2_ws/build/node_bridge_ros2/build/lib/node_bridge_ros2/bridge.py -> /home/amwhisper/ros/workspace/nbr2_ws/install/node_bridge_ros2/lib/python3.10/site-packages/node_bridge_ros2
copying /home/amwhisper/ros/workspace/nbr2_ws/build/node_bridge_ros2/build/lib/node_bridge_ros2/bridge_ros2.py -> /home/amwhisper/ros/workspace/nbr2_ws/install/node_bridge_ros2/lib/python3.10/site-packages/node_bridge_ros2
copying /home/amwhisper/ros/workspace/nbr2_ws/build/node_bridge_ros2/build/lib/node_bridge_ros2/__init__.py -> /home/amwhisper/ros/workspace/nbr2_ws/install/node_bridge_ros2/lib/python3.10/site-packages/node_bridge_ros2
copying /home/amwhisper/ros/workspace/nbr2_ws/build/node_bridge_ros2/build/lib/node_bridge_ros2/protocol.py -> /home/amwhisper/ros/workspace/nbr2_ws/install/node_bridge_ros2/lib/python3.10/site-packages/node_bridge_ros2
copying /home/amwhisper/ros/workspace/nbr2_ws/build/node_bridge_ros2/build/lib/node_bridge_ros2/test.py -> /home/amwhisper/ros/workspace/nbr2_ws/install/node_bridge_ros2/lib/python3.10/site-packages/node_bridge_ros2
copying /home/amwhisper/ros/workspace/nbr2_ws/build/node_bridge_ros2/build/lib/node_bridge_ros2/helpers.py -> /home/amwhisper/ros/workspace/nbr2_ws/install/node_bridge_ros2/lib/python3.10/site-packages/node_bridge_ros2
byte-compiling /home/amwhisper/ros/workspace/nbr2_ws/install/node_bridge_ros2/lib/python3.10/site-packages/node_bridge_ros2/bridge.py to bridge.cpython-310.pyc
byte-compiling /home/amwhisper/ros/workspace/nbr2_ws/install/node_bridge_ros2/lib/python3.10/site-packages/node_bridge_ros2/bridge_ros2.py to bridge_ros2.cpython-310.pyc
byte-compiling /home/amwhisper/ros/workspace/nbr2_ws/install/node_bridge_ros2/lib/python3.10/site-packages/node_bridge_ros2/__init__.py to __init__.cpython-310.pyc
byte-compiling /home/amwhisper/ros/workspace/nbr2_ws/install/node_bridge_ros2/lib/python3.10/site-packages/node_bridge_ros2/protocol.py to protocol.cpython-310.pyc
byte-compiling /home/amwhisper/ros/workspace/nbr2_ws/install/node_bridge_ros2/lib/python3.10/site-packages/node_bridge_ros2/test.py to test.cpython-310.pyc
byte-compiling /home/amwhisper/ros/workspace/nbr2_ws/install/node_bridge_ros2/lib/python3.10/site-packages/node_bridge_ros2/helpers.py to helpers.cpython-310.pyc
running install_data
creating /home/amwhisper/ros/workspace/nbr2_ws/install/node_bridge_ros2/share/ament_index
creating /home/amwhisper/ros/workspace/nbr2_ws/install/node_bridge_ros2/share/ament_index/resource_index
creating /home/amwhisper/ros/workspace/nbr2_ws/install/node_bridge_ros2/share/ament_index/resource_index/packages
copying resource/node_bridge_ros2 -> /home/amwhisper/ros/workspace/nbr2_ws/install/node_bridge_ros2/share/ament_index/resource_index/packages
copying package.xml -> /home/amwhisper/ros/workspace/nbr2_ws/install/node_bridge_ros2/share/node_bridge_ros2
running install_egg_info
Copying ../../build/node_bridge_ros2/node_bridge_ros2.egg-info to /home/amwhisper/ros/workspace/nbr2_ws/install/node_bridge_ros2/lib/python3.10/site-packages/node_bridge_ros2-0.0.0-py3.10.egg-info
running install_scripts
Installing bridge_ros2 script to /home/amwhisper/ros/workspace/nbr2_ws/install/node_bridge_ros2/lib/node_bridge_ros2
writing list of installed files to '/home/amwhisper/ros/workspace/nbr2_ws/build/node_bridge_ros2/install.log'
