[0.429s] Invoking command in '/home/amwhisper/ros/workspace/nbr2_ws/src/node_bridge_ros2': PYTHONPATH=/home/amwhisper/ros/workspace/nbr2_ws/build/node_bridge_ros2/prefix_override:/home/amwhisper/ros/workspace/nbr2_ws/install/node_bridge_ros2/lib/python3.10/site-packages:${PYTHONPATH} /usr/bin/python3 -W ignore:setup.py install is deprecated setup.py egg_info --egg-base ../../build/node_bridge_ros2 build --build-base /home/amwhisper/ros/workspace/nbr2_ws/build/node_bridge_ros2/build install --record /home/amwhisper/ros/workspace/nbr2_ws/build/node_bridge_ros2/install.log --single-version-externally-managed install_data
[0.592s] running egg_info
[0.593s] creating ../../build/node_bridge_ros2/node_bridge_ros2.egg-info
[0.593s] writing ../../build/node_bridge_ros2/node_bridge_ros2.egg-info/PKG-INFO
[0.593s] writing dependency_links to ../../build/node_bridge_ros2/node_bridge_ros2.egg-info/dependency_links.txt
[0.593s] writing entry points to ../../build/node_bridge_ros2/node_bridge_ros2.egg-info/entry_points.txt
[0.594s] writing requirements to ../../build/node_bridge_ros2/node_bridge_ros2.egg-info/requires.txt
[0.594s] writing top-level names to ../../build/node_bridge_ros2/node_bridge_ros2.egg-info/top_level.txt
[0.594s] writing manifest file '../../build/node_bridge_ros2/node_bridge_ros2.egg-info/SOURCES.txt'
[0.595s] reading manifest file '../../build/node_bridge_ros2/node_bridge_ros2.egg-info/SOURCES.txt'
[0.596s] writing manifest file '../../build/node_bridge_ros2/node_bridge_ros2.egg-info/SOURCES.txt'
[0.596s] running build
[0.596s] running build_py
[0.596s] creating /home/amwhisper/ros/workspace/nbr2_ws/build/node_bridge_ros2/build
[0.596s] creating /home/amwhisper/ros/workspace/nbr2_ws/build/node_bridge_ros2/build/lib
[0.596s] creating /home/amwhisper/ros/workspace/nbr2_ws/build/node_bridge_ros2/build/lib/node_bridge_ros2
[0.597s] copying node_bridge_ros2/bridge.py -> /home/amwhisper/ros/workspace/nbr2_ws/build/node_bridge_ros2/build/lib/node_bridge_ros2
[0.597s] copying node_bridge_ros2/bridge_ros2.py -> /home/amwhisper/ros/workspace/nbr2_ws/build/node_bridge_ros2/build/lib/node_bridge_ros2
[0.597s] copying node_bridge_ros2/__init__.py -> /home/amwhisper/ros/workspace/nbr2_ws/build/node_bridge_ros2/build/lib/node_bridge_ros2
[0.597s] copying node_bridge_ros2/protocol.py -> /home/amwhisper/ros/workspace/nbr2_ws/build/node_bridge_ros2/build/lib/node_bridge_ros2
[0.597s] copying node_bridge_ros2/test.py -> /home/amwhisper/ros/workspace/nbr2_ws/build/node_bridge_ros2/build/lib/node_bridge_ros2
[0.597s] copying node_bridge_ros2/helpers.py -> /home/amwhisper/ros/workspace/nbr2_ws/build/node_bridge_ros2/build/lib/node_bridge_ros2
[0.597s] running install
[0.598s] running install_lib
[0.598s] creating /home/amwhisper/ros/workspace/nbr2_ws/install/node_bridge_ros2/lib/python3.10/site-packages/node_bridge_ros2
[0.598s] copying /home/amwhisper/ros/workspace/nbr2_ws/build/node_bridge_ros2/build/lib/node_bridge_ros2/bridge.py -> /home/amwhisper/ros/workspace/nbr2_ws/install/node_bridge_ros2/lib/python3.10/site-packages/node_bridge_ros2
[0.598s] copying /home/amwhisper/ros/workspace/nbr2_ws/build/node_bridge_ros2/build/lib/node_bridge_ros2/bridge_ros2.py -> /home/amwhisper/ros/workspace/nbr2_ws/install/node_bridge_ros2/lib/python3.10/site-packages/node_bridge_ros2
[0.599s] copying /home/amwhisper/ros/workspace/nbr2_ws/build/node_bridge_ros2/build/lib/node_bridge_ros2/__init__.py -> /home/amwhisper/ros/workspace/nbr2_ws/install/node_bridge_ros2/lib/python3.10/site-packages/node_bridge_ros2
[0.599s] copying /home/amwhisper/ros/workspace/nbr2_ws/build/node_bridge_ros2/build/lib/node_bridge_ros2/protocol.py -> /home/amwhisper/ros/workspace/nbr2_ws/install/node_bridge_ros2/lib/python3.10/site-packages/node_bridge_ros2
[0.599s] copying /home/amwhisper/ros/workspace/nbr2_ws/build/node_bridge_ros2/build/lib/node_bridge_ros2/test.py -> /home/amwhisper/ros/workspace/nbr2_ws/install/node_bridge_ros2/lib/python3.10/site-packages/node_bridge_ros2
[0.599s] copying /home/amwhisper/ros/workspace/nbr2_ws/build/node_bridge_ros2/build/lib/node_bridge_ros2/helpers.py -> /home/amwhisper/ros/workspace/nbr2_ws/install/node_bridge_ros2/lib/python3.10/site-packages/node_bridge_ros2
[0.599s] byte-compiling /home/amwhisper/ros/workspace/nbr2_ws/install/node_bridge_ros2/lib/python3.10/site-packages/node_bridge_ros2/bridge.py to bridge.cpython-310.pyc
[0.600s] byte-compiling /home/amwhisper/ros/workspace/nbr2_ws/install/node_bridge_ros2/lib/python3.10/site-packages/node_bridge_ros2/bridge_ros2.py to bridge_ros2.cpython-310.pyc
[0.601s] byte-compiling /home/amwhisper/ros/workspace/nbr2_ws/install/node_bridge_ros2/lib/python3.10/site-packages/node_bridge_ros2/__init__.py to __init__.cpython-310.pyc
[0.601s] byte-compiling /home/amwhisper/ros/workspace/nbr2_ws/install/node_bridge_ros2/lib/python3.10/site-packages/node_bridge_ros2/protocol.py to protocol.cpython-310.pyc
[0.602s] byte-compiling /home/amwhisper/ros/workspace/nbr2_ws/install/node_bridge_ros2/lib/python3.10/site-packages/node_bridge_ros2/test.py to test.cpython-310.pyc
[0.602s] byte-compiling /home/amwhisper/ros/workspace/nbr2_ws/install/node_bridge_ros2/lib/python3.10/site-packages/node_bridge_ros2/helpers.py to helpers.cpython-310.pyc
[0.603s] running install_data
[0.603s] creating /home/amwhisper/ros/workspace/nbr2_ws/install/node_bridge_ros2/share/ament_index
[0.603s] creating /home/amwhisper/ros/workspace/nbr2_ws/install/node_bridge_ros2/share/ament_index/resource_index
[0.603s] creating /home/amwhisper/ros/workspace/nbr2_ws/install/node_bridge_ros2/share/ament_index/resource_index/packages
[0.603s] copying resource/node_bridge_ros2 -> /home/amwhisper/ros/workspace/nbr2_ws/install/node_bridge_ros2/share/ament_index/resource_index/packages
[0.603s] copying package.xml -> /home/amwhisper/ros/workspace/nbr2_ws/install/node_bridge_ros2/share/node_bridge_ros2
[0.603s] running install_egg_info
[0.604s] Copying ../../build/node_bridge_ros2/node_bridge_ros2.egg-info to /home/amwhisper/ros/workspace/nbr2_ws/install/node_bridge_ros2/lib/python3.10/site-packages/node_bridge_ros2-0.0.0-py3.10.egg-info
[0.605s] running install_scripts
[0.620s] Installing bridge_ros2 script to /home/amwhisper/ros/workspace/nbr2_ws/install/node_bridge_ros2/lib/node_bridge_ros2
[0.620s] writing list of installed files to '/home/amwhisper/ros/workspace/nbr2_ws/build/node_bridge_ros2/install.log'
[0.638s] Invoked command in '/home/amwhisper/ros/workspace/nbr2_ws/src/node_bridge_ros2' returned '0': PYTHONPATH=/home/amwhisper/ros/workspace/nbr2_ws/build/node_bridge_ros2/prefix_override:/home/amwhisper/ros/workspace/nbr2_ws/install/node_bridge_ros2/lib/python3.10/site-packages:${PYTHONPATH} /usr/bin/python3 -W ignore:setup.py install is deprecated setup.py egg_info --egg-base ../../build/node_bridge_ros2 build --build-base /home/amwhisper/ros/workspace/nbr2_ws/build/node_bridge_ros2/build install --record /home/amwhisper/ros/workspace/nbr2_ws/build/node_bridge_ros2/install.log --single-version-externally-managed install_data
