[0.074s] DEBUG:colcon:Command line arguments: ['/usr/bin/colcon', 'build']
[0.074s] DEBUG:colcon:Parsed command line arguments: Namespace(log_base=None, log_level=None, verb_name='build', build_base='build', install_base='install', merge_install=False, symlink_install=False, test_result_base=None, continue_on_error=False, executor='parallel', parallel_workers=6, event_handlers=None, ignore_user_meta=False, metas=['./colcon.meta'], base_paths=['.'], packages_ignore=None, packages_ignore_regex=None, paths=None, packages_up_to=None, packages_up_to_regex=None, packages_above=None, packages_above_and_dependencies=None, packages_above_depth=None, packages_select_by_dep=None, packages_skip_by_dep=None, packages_skip_up_to=None, packages_select_build_failed=False, packages_skip_build_finished=False, packages_select_test_failures=False, packages_skip_test_passed=False, packages_select=None, packages_skip=None, packages_select_regex=None, packages_skip_regex=None, packages_start=None, packages_end=None, allow_overriding=[], cmake_args=None, cmake_target=None, cmake_target_skip_unavailable=False, cmake_clean_cache=False, cmake_clean_first=False, cmake_force_configure=False, ament_cmake_args=None, catkin_cmake_args=None, catkin_skip_building_tests=False, verb_parser=<colcon_defaults.argument_parser.defaults.DefaultArgumentsDecorator object at 0x78175762c700>, verb_extension=<colcon_core.verb.build.BuildVerb object at 0x781757731270>, main=<bound method BuildVerb.main of <colcon_core.verb.build.BuildVerb object at 0x781757731270>>)
[0.183s] Level 1:colcon.colcon_core.package_discovery:discover_packages(colcon_meta) check parameters
[0.183s] Level 1:colcon.colcon_core.package_discovery:discover_packages(recursive) check parameters
[0.183s] Level 1:colcon.colcon_core.package_discovery:discover_packages(ignore) check parameters
[0.183s] Level 1:colcon.colcon_core.package_discovery:discover_packages(path) check parameters
[0.183s] Level 1:colcon.colcon_core.package_discovery:discover_packages(colcon_meta) discover
[0.183s] Level 1:colcon.colcon_core.package_discovery:discover_packages(recursive) discover
[0.183s] INFO:colcon.colcon_core.package_discovery:Crawling recursively for packages in '/home/amwhisper/ros/workspace/nbr2_ws'
[0.183s] Level 1:colcon.colcon_core.package_identification:_identify(.) by extensions ['ignore', 'ignore_ament_install']
[0.183s] Level 1:colcon.colcon_core.package_identification:_identify(.) by extension 'ignore'
[0.183s] Level 1:colcon.colcon_core.package_identification:_identify(.) by extension 'ignore_ament_install'
[0.183s] Level 1:colcon.colcon_core.package_identification:_identify(.) by extensions ['colcon_pkg']
[0.183s] Level 1:colcon.colcon_core.package_identification:_identify(.) by extension 'colcon_pkg'
[0.183s] Level 1:colcon.colcon_core.package_identification:_identify(.) by extensions ['colcon_meta']
[0.183s] Level 1:colcon.colcon_core.package_identification:_identify(.) by extension 'colcon_meta'
[0.183s] Level 1:colcon.colcon_core.package_identification:_identify(.) by extensions ['ros']
[0.183s] Level 1:colcon.colcon_core.package_identification:_identify(.) by extension 'ros'
[0.192s] Level 1:colcon.colcon_core.package_identification:_identify(.) by extensions ['cmake', 'python']
[0.192s] Level 1:colcon.colcon_core.package_identification:_identify(.) by extension 'cmake'
[0.192s] Level 1:colcon.colcon_core.package_identification:_identify(.) by extension 'python'
[0.192s] Level 1:colcon.colcon_core.package_identification:_identify(.) by extensions ['python_setup_py']
[0.192s] Level 1:colcon.colcon_core.package_identification:_identify(.) by extension 'python_setup_py'
[0.192s] Level 1:colcon.colcon_core.package_identification:_identify(build) by extensions ['ignore', 'ignore_ament_install']
[0.192s] Level 1:colcon.colcon_core.package_identification:_identify(build) by extension 'ignore'
[0.192s] Level 1:colcon.colcon_core.package_identification:_identify(build) ignored
[0.192s] Level 1:colcon.colcon_core.package_identification:_identify(install) by extensions ['ignore', 'ignore_ament_install']
[0.192s] Level 1:colcon.colcon_core.package_identification:_identify(install) by extension 'ignore'
[0.192s] Level 1:colcon.colcon_core.package_identification:_identify(install) ignored
[0.192s] Level 1:colcon.colcon_core.package_identification:_identify(library) by extensions ['ignore', 'ignore_ament_install']
[0.192s] Level 1:colcon.colcon_core.package_identification:_identify(library) by extension 'ignore'
[0.192s] Level 1:colcon.colcon_core.package_identification:_identify(library) by extension 'ignore_ament_install'
[0.192s] Level 1:colcon.colcon_core.package_identification:_identify(library) by extensions ['colcon_pkg']
[0.192s] Level 1:colcon.colcon_core.package_identification:_identify(library) by extension 'colcon_pkg'
[0.193s] Level 1:colcon.colcon_core.package_identification:_identify(library) by extensions ['colcon_meta']
[0.193s] Level 1:colcon.colcon_core.package_identification:_identify(library) by extension 'colcon_meta'
[0.193s] Level 1:colcon.colcon_core.package_identification:_identify(library) by extensions ['ros']
[0.193s] Level 1:colcon.colcon_core.package_identification:_identify(library) by extension 'ros'
[0.193s] Level 1:colcon.colcon_core.package_identification:_identify(library) by extensions ['cmake', 'python']
[0.193s] Level 1:colcon.colcon_core.package_identification:_identify(library) by extension 'cmake'
[0.193s] Level 1:colcon.colcon_core.package_identification:_identify(library) by extension 'python'
[0.193s] Level 1:colcon.colcon_core.package_identification:_identify(library) by extensions ['python_setup_py']
[0.193s] Level 1:colcon.colcon_core.package_identification:_identify(library) by extension 'python_setup_py'
[0.193s] Level 1:colcon.colcon_core.package_identification:_identify(log) by extensions ['ignore', 'ignore_ament_install']
[0.193s] Level 1:colcon.colcon_core.package_identification:_identify(log) by extension 'ignore'
[0.193s] Level 1:colcon.colcon_core.package_identification:_identify(log) ignored
[0.193s] Level 1:colcon.colcon_core.package_identification:_identify(src) by extensions ['ignore', 'ignore_ament_install']
[0.193s] Level 1:colcon.colcon_core.package_identification:_identify(src) by extension 'ignore'
[0.193s] Level 1:colcon.colcon_core.package_identification:_identify(src) by extension 'ignore_ament_install'
[0.193s] Level 1:colcon.colcon_core.package_identification:_identify(src) by extensions ['colcon_pkg']
[0.193s] Level 1:colcon.colcon_core.package_identification:_identify(src) by extension 'colcon_pkg'
[0.193s] Level 1:colcon.colcon_core.package_identification:_identify(src) by extensions ['colcon_meta']
[0.193s] Level 1:colcon.colcon_core.package_identification:_identify(src) by extension 'colcon_meta'
[0.193s] Level 1:colcon.colcon_core.package_identification:_identify(src) by extensions ['ros']
[0.193s] Level 1:colcon.colcon_core.package_identification:_identify(src) by extension 'ros'
[0.193s] Level 1:colcon.colcon_core.package_identification:_identify(src) by extensions ['cmake', 'python']
[0.193s] Level 1:colcon.colcon_core.package_identification:_identify(src) by extension 'cmake'
[0.193s] Level 1:colcon.colcon_core.package_identification:_identify(src) by extension 'python'
[0.193s] Level 1:colcon.colcon_core.package_identification:_identify(src) by extensions ['python_setup_py']
[0.193s] Level 1:colcon.colcon_core.package_identification:_identify(src) by extension 'python_setup_py'
[0.194s] Level 1:colcon.colcon_core.package_identification:_identify(src/autoaim) by extensions ['ignore', 'ignore_ament_install']
[0.194s] Level 1:colcon.colcon_core.package_identification:_identify(src/autoaim) by extension 'ignore'
[0.194s] Level 1:colcon.colcon_core.package_identification:_identify(src/autoaim) by extension 'ignore_ament_install'
[0.194s] Level 1:colcon.colcon_core.package_identification:_identify(src/autoaim) by extensions ['colcon_pkg']
[0.194s] Level 1:colcon.colcon_core.package_identification:_identify(src/autoaim) by extension 'colcon_pkg'
[0.194s] Level 1:colcon.colcon_core.package_identification:_identify(src/autoaim) by extensions ['colcon_meta']
[0.194s] Level 1:colcon.colcon_core.package_identification:_identify(src/autoaim) by extension 'colcon_meta'
[0.194s] Level 1:colcon.colcon_core.package_identification:_identify(src/autoaim) by extensions ['ros']
[0.194s] Level 1:colcon.colcon_core.package_identification:_identify(src/autoaim) by extension 'ros'
[0.196s] DEBUG:colcon.colcon_core.package_identification:Package 'src/autoaim' with type 'ros.ament_python' and name 'autoaim'
[0.196s] Level 1:colcon.colcon_core.package_identification:_identify(src/node_bridge_ros2) by extensions ['ignore', 'ignore_ament_install']
[0.196s] Level 1:colcon.colcon_core.package_identification:_identify(src/node_bridge_ros2) by extension 'ignore'
[0.196s] Level 1:colcon.colcon_core.package_identification:_identify(src/node_bridge_ros2) by extension 'ignore_ament_install'
[0.196s] Level 1:colcon.colcon_core.package_identification:_identify(src/node_bridge_ros2) by extensions ['colcon_pkg']
[0.196s] Level 1:colcon.colcon_core.package_identification:_identify(src/node_bridge_ros2) by extension 'colcon_pkg'
[0.196s] Level 1:colcon.colcon_core.package_identification:_identify(src/node_bridge_ros2) by extensions ['colcon_meta']
[0.196s] Level 1:colcon.colcon_core.package_identification:_identify(src/node_bridge_ros2) by extension 'colcon_meta'
[0.196s] Level 1:colcon.colcon_core.package_identification:_identify(src/node_bridge_ros2) by extensions ['ros']
[0.196s] Level 1:colcon.colcon_core.package_identification:_identify(src/node_bridge_ros2) by extension 'ros'
[0.196s] DEBUG:colcon.colcon_core.package_identification:Package 'src/node_bridge_ros2' with type 'ros.ament_python' and name 'node_bridge_ros2'
[0.196s] Level 1:colcon.colcon_core.package_identification:_identify(src/node_interface) by extensions ['ignore', 'ignore_ament_install']
[0.196s] Level 1:colcon.colcon_core.package_identification:_identify(src/node_interface) by extension 'ignore'
[0.197s] Level 1:colcon.colcon_core.package_identification:_identify(src/node_interface) by extension 'ignore_ament_install'
[0.197s] Level 1:colcon.colcon_core.package_identification:_identify(src/node_interface) by extensions ['colcon_pkg']
[0.197s] Level 1:colcon.colcon_core.package_identification:_identify(src/node_interface) by extension 'colcon_pkg'
[0.197s] Level 1:colcon.colcon_core.package_identification:_identify(src/node_interface) by extensions ['colcon_meta']
[0.197s] Level 1:colcon.colcon_core.package_identification:_identify(src/node_interface) by extension 'colcon_meta'
[0.197s] Level 1:colcon.colcon_core.package_identification:_identify(src/node_interface) by extensions ['ros']
[0.197s] Level 1:colcon.colcon_core.package_identification:_identify(src/node_interface) by extension 'ros'
[0.197s] DEBUG:colcon.colcon_core.package_identification:Package 'src/node_interface' with type 'ros.ament_cmake' and name 'node_interface'
[0.197s] Level 1:colcon.colcon_core.package_discovery:discover_packages(recursive) using defaults
[0.197s] Level 1:colcon.colcon_core.package_discovery:discover_packages(ignore) discover
[0.197s] Level 1:colcon.colcon_core.package_discovery:discover_packages(ignore) using defaults
[0.197s] Level 1:colcon.colcon_core.package_discovery:discover_packages(path) discover
[0.197s] Level 1:colcon.colcon_core.package_discovery:discover_packages(path) using defaults
[0.211s] Level 1:colcon.colcon_core.package_discovery:discover_packages(prefix_path) check parameters
[0.211s] Level 1:colcon.colcon_core.package_discovery:discover_packages(prefix_path) discover
[0.212s] DEBUG:colcon.colcon_installed_package_information.package_discovery:Found 2 installed packages in /home/amwhisper/ros/workspace/nbr2_ws/install
[0.213s] DEBUG:colcon.colcon_installed_package_information.package_discovery:Found 270 installed packages in /opt/ros/humble
[0.214s] Level 1:colcon.colcon_core.package_discovery:discover_packages(prefix_path) using defaults
[0.247s] Level 5:colcon.colcon_core.verb:set package 'autoaim' build argument 'cmake_args' from command line to 'None'
[0.247s] Level 5:colcon.colcon_core.verb:set package 'autoaim' build argument 'cmake_target' from command line to 'None'
[0.247s] Level 5:colcon.colcon_core.verb:set package 'autoaim' build argument 'cmake_target_skip_unavailable' from command line to 'False'
[0.247s] Level 5:colcon.colcon_core.verb:set package 'autoaim' build argument 'cmake_clean_cache' from command line to 'False'
[0.247s] Level 5:colcon.colcon_core.verb:set package 'autoaim' build argument 'cmake_clean_first' from command line to 'False'
[0.247s] Level 5:colcon.colcon_core.verb:set package 'autoaim' build argument 'cmake_force_configure' from command line to 'False'
[0.247s] Level 5:colcon.colcon_core.verb:set package 'autoaim' build argument 'ament_cmake_args' from command line to 'None'
[0.247s] Level 5:colcon.colcon_core.verb:set package 'autoaim' build argument 'catkin_cmake_args' from command line to 'None'
[0.247s] Level 5:colcon.colcon_core.verb:set package 'autoaim' build argument 'catkin_skip_building_tests' from command line to 'False'
[0.247s] DEBUG:colcon.colcon_core.verb:Building package 'autoaim' with the following arguments: {'ament_cmake_args': None, 'build_base': '/home/amwhisper/ros/workspace/nbr2_ws/build/autoaim', 'catkin_cmake_args': None, 'catkin_skip_building_tests': False, 'cmake_args': None, 'cmake_clean_cache': False, 'cmake_clean_first': False, 'cmake_force_configure': False, 'cmake_target': None, 'cmake_target_skip_unavailable': False, 'install_base': '/home/amwhisper/ros/workspace/nbr2_ws/install/autoaim', 'merge_install': False, 'path': '/home/amwhisper/ros/workspace/nbr2_ws/src/autoaim', 'symlink_install': False, 'test_result_base': None}
[0.247s] Level 5:colcon.colcon_core.verb:set package 'node_interface' build argument 'cmake_args' from command line to 'None'
[0.247s] Level 5:colcon.colcon_core.verb:set package 'node_interface' build argument 'cmake_target' from command line to 'None'
[0.247s] Level 5:colcon.colcon_core.verb:set package 'node_interface' build argument 'cmake_target_skip_unavailable' from command line to 'False'
[0.247s] Level 5:colcon.colcon_core.verb:set package 'node_interface' build argument 'cmake_clean_cache' from command line to 'False'
[0.247s] Level 5:colcon.colcon_core.verb:set package 'node_interface' build argument 'cmake_clean_first' from command line to 'False'
[0.247s] Level 5:colcon.colcon_core.verb:set package 'node_interface' build argument 'cmake_force_configure' from command line to 'False'
[0.247s] Level 5:colcon.colcon_core.verb:set package 'node_interface' build argument 'ament_cmake_args' from command line to 'None'
[0.247s] Level 5:colcon.colcon_core.verb:set package 'node_interface' build argument 'catkin_cmake_args' from command line to 'None'
[0.247s] Level 5:colcon.colcon_core.verb:set package 'node_interface' build argument 'catkin_skip_building_tests' from command line to 'False'
[0.247s] DEBUG:colcon.colcon_core.verb:Building package 'node_interface' with the following arguments: {'ament_cmake_args': None, 'build_base': '/home/amwhisper/ros/workspace/nbr2_ws/build/node_interface', 'catkin_cmake_args': None, 'catkin_skip_building_tests': False, 'cmake_args': None, 'cmake_clean_cache': False, 'cmake_clean_first': False, 'cmake_force_configure': False, 'cmake_target': None, 'cmake_target_skip_unavailable': False, 'install_base': '/home/amwhisper/ros/workspace/nbr2_ws/install/node_interface', 'merge_install': False, 'path': '/home/amwhisper/ros/workspace/nbr2_ws/src/node_interface', 'symlink_install': False, 'test_result_base': None}
[0.248s] Level 5:colcon.colcon_core.verb:set package 'node_bridge_ros2' build argument 'cmake_args' from command line to 'None'
[0.248s] Level 5:colcon.colcon_core.verb:set package 'node_bridge_ros2' build argument 'cmake_target' from command line to 'None'
[0.248s] Level 5:colcon.colcon_core.verb:set package 'node_bridge_ros2' build argument 'cmake_target_skip_unavailable' from command line to 'False'
[0.248s] Level 5:colcon.colcon_core.verb:set package 'node_bridge_ros2' build argument 'cmake_clean_cache' from command line to 'False'
[0.248s] Level 5:colcon.colcon_core.verb:set package 'node_bridge_ros2' build argument 'cmake_clean_first' from command line to 'False'
[0.248s] Level 5:colcon.colcon_core.verb:set package 'node_bridge_ros2' build argument 'cmake_force_configure' from command line to 'False'
[0.248s] Level 5:colcon.colcon_core.verb:set package 'node_bridge_ros2' build argument 'ament_cmake_args' from command line to 'None'
[0.248s] Level 5:colcon.colcon_core.verb:set package 'node_bridge_ros2' build argument 'catkin_cmake_args' from command line to 'None'
[0.248s] Level 5:colcon.colcon_core.verb:set package 'node_bridge_ros2' build argument 'catkin_skip_building_tests' from command line to 'False'
[0.248s] DEBUG:colcon.colcon_core.verb:Building package 'node_bridge_ros2' with the following arguments: {'ament_cmake_args': None, 'build_base': '/home/amwhisper/ros/workspace/nbr2_ws/build/node_bridge_ros2', 'catkin_cmake_args': None, 'catkin_skip_building_tests': False, 'cmake_args': None, 'cmake_clean_cache': False, 'cmake_clean_first': False, 'cmake_force_configure': False, 'cmake_target': None, 'cmake_target_skip_unavailable': False, 'install_base': '/home/amwhisper/ros/workspace/nbr2_ws/install/node_bridge_ros2', 'merge_install': False, 'path': '/home/amwhisper/ros/workspace/nbr2_ws/src/node_bridge_ros2', 'symlink_install': False, 'test_result_base': None}
[0.248s] INFO:colcon.colcon_core.executor:Executing jobs using 'parallel' executor
[0.249s] DEBUG:colcon.colcon_parallel_executor.executor.parallel:run_until_complete
[0.249s] INFO:colcon.colcon_ros.task.ament_python.build:Building ROS package in '/home/amwhisper/ros/workspace/nbr2_ws/src/autoaim' with build type 'ament_python'
[0.249s] Level 1:colcon.colcon_core.shell:create_environment_hook('autoaim', 'ament_prefix_path')
[0.251s] INFO:colcon.colcon_core.plugin_system:Skipping extension 'colcon_core.shell.bat': Not used on non-Windows systems
[0.251s] INFO:colcon.colcon_core.shell:Creating environment hook '/home/amwhisper/ros/workspace/nbr2_ws/install/autoaim/share/autoaim/hook/ament_prefix_path.ps1'
[0.252s] INFO:colcon.colcon_core.shell:Creating environment descriptor '/home/amwhisper/ros/workspace/nbr2_ws/install/autoaim/share/autoaim/hook/ament_prefix_path.dsv'
[0.252s] INFO:colcon.colcon_core.shell:Creating environment hook '/home/amwhisper/ros/workspace/nbr2_ws/install/autoaim/share/autoaim/hook/ament_prefix_path.sh'
[0.253s] INFO:colcon.colcon_core.shell:Skip shell extension 'powershell' for command environment: Not usable outside of PowerShell
[0.253s] DEBUG:colcon.colcon_core.shell:Skip shell extension 'dsv' for command environment
[0.256s] INFO:colcon.colcon_ros.task.ament_cmake.build:Building ROS package in '/home/amwhisper/ros/workspace/nbr2_ws/src/node_interface' with build type 'ament_cmake'
[0.256s] INFO:colcon.colcon_cmake.task.cmake.build:Building CMake package in '/home/amwhisper/ros/workspace/nbr2_ws/src/node_interface'
[0.256s] INFO:colcon.colcon_core.shell:Skip shell extension 'powershell' for command environment: Not usable outside of PowerShell
[0.256s] DEBUG:colcon.colcon_core.shell:Skip shell extension 'dsv' for command environment
[0.443s] INFO:colcon.colcon_core.task.python.build:Building Python package in '/home/amwhisper/ros/workspace/nbr2_ws/src/autoaim'
[0.443s] INFO:colcon.colcon_core.shell:Skip shell extension 'powershell' for command environment: Not usable outside of PowerShell
[0.443s] DEBUG:colcon.colcon_core.shell:Skip shell extension 'dsv' for command environment
[0.450s] DEBUG:colcon.colcon_core.event_handler.log_command:Invoking command in '/home/amwhisper/ros/workspace/nbr2_ws/build/node_interface': CMAKE_PREFIX_PATH=${CMAKE_PREFIX_PATH}:/home/amwhisper/ros/workspace/nbr2_ws/install/node_bridge_ros2 /usr/bin/cmake --build /home/amwhisper/ros/workspace/nbr2_ws/build/node_interface -- -j6 -l6
[0.703s] DEBUG:colcon.colcon_core.event_handler.log_command:Invoking command in '/home/amwhisper/ros/workspace/nbr2_ws/src/autoaim': PYTHONPATH=/home/amwhisper/ros/workspace/nbr2_ws/build/autoaim/prefix_override:/home/amwhisper/ros/workspace/nbr2_ws/install/autoaim/lib/python3.10/site-packages:${PYTHONPATH} /usr/bin/python3 -W ignore:setup.py install is deprecated setup.py egg_info --egg-base ../../build/autoaim build --build-base /home/amwhisper/ros/workspace/nbr2_ws/build/autoaim/build install --record /home/amwhisper/ros/workspace/nbr2_ws/build/autoaim/install.log --single-version-externally-managed install_data
[0.856s] DEBUG:colcon.colcon_core.event_handler.log_command:Invoked command in '/home/amwhisper/ros/workspace/nbr2_ws/build/node_interface' returned '0': CMAKE_PREFIX_PATH=${CMAKE_PREFIX_PATH}:/home/amwhisper/ros/workspace/nbr2_ws/install/node_bridge_ros2 /usr/bin/cmake --build /home/amwhisper/ros/workspace/nbr2_ws/build/node_interface -- -j6 -l6
[0.935s] DEBUG:colcon.colcon_core.event_handler.log_command:Invoked command in '/home/amwhisper/ros/workspace/nbr2_ws/src/autoaim' returned '0': PYTHONPATH=/home/amwhisper/ros/workspace/nbr2_ws/build/autoaim/prefix_override:/home/amwhisper/ros/workspace/nbr2_ws/install/autoaim/lib/python3.10/site-packages:${PYTHONPATH} /usr/bin/python3 -W ignore:setup.py install is deprecated setup.py egg_info --egg-base ../../build/autoaim build --build-base /home/amwhisper/ros/workspace/nbr2_ws/build/autoaim/build install --record /home/amwhisper/ros/workspace/nbr2_ws/build/autoaim/install.log --single-version-externally-managed install_data
[0.937s] Level 1:colcon.colcon_core.environment:checking '/home/amwhisper/ros/workspace/nbr2_ws/install/autoaim' for CMake module files
[0.938s] Level 1:colcon.colcon_core.environment:checking '/home/amwhisper/ros/workspace/nbr2_ws/install/autoaim' for CMake config files
[0.938s] Level 1:colcon.colcon_core.environment:checking '/home/amwhisper/ros/workspace/nbr2_ws/install/autoaim/lib'
[0.938s] Level 1:colcon.colcon_core.environment:checking '/home/amwhisper/ros/workspace/nbr2_ws/install/autoaim/bin'
[0.939s] Level 1:colcon.colcon_core.environment:checking '/home/amwhisper/ros/workspace/nbr2_ws/install/autoaim/lib/pkgconfig/autoaim.pc'
[0.939s] Level 1:colcon.colcon_core.environment:checking '/home/amwhisper/ros/workspace/nbr2_ws/install/autoaim/lib/python3.10/site-packages'
[0.939s] Level 1:colcon.colcon_core.shell:create_environment_hook('autoaim', 'pythonpath')
[0.939s] INFO:colcon.colcon_core.shell:Creating environment hook '/home/amwhisper/ros/workspace/nbr2_ws/install/autoaim/share/autoaim/hook/pythonpath.ps1'
[0.940s] INFO:colcon.colcon_core.shell:Creating environment descriptor '/home/amwhisper/ros/workspace/nbr2_ws/install/autoaim/share/autoaim/hook/pythonpath.dsv'
[0.940s] INFO:colcon.colcon_core.shell:Creating environment hook '/home/amwhisper/ros/workspace/nbr2_ws/install/autoaim/share/autoaim/hook/pythonpath.sh'
[0.940s] Level 1:colcon.colcon_core.environment:checking '/home/amwhisper/ros/workspace/nbr2_ws/install/autoaim/bin'
[0.940s] Level 1:colcon.colcon_core.environment:create_environment_scripts_only(autoaim)
[0.941s] INFO:colcon.colcon_core.shell:Creating package script '/home/amwhisper/ros/workspace/nbr2_ws/install/autoaim/share/autoaim/package.ps1'
[0.941s] INFO:colcon.colcon_core.shell:Creating package descriptor '/home/amwhisper/ros/workspace/nbr2_ws/install/autoaim/share/autoaim/package.dsv'
[0.941s] INFO:colcon.colcon_core.shell:Creating package script '/home/amwhisper/ros/workspace/nbr2_ws/install/autoaim/share/autoaim/package.sh'
[0.942s] INFO:colcon.colcon_core.shell:Creating package script '/home/amwhisper/ros/workspace/nbr2_ws/install/autoaim/share/autoaim/package.bash'
[0.942s] INFO:colcon.colcon_core.shell:Creating package script '/home/amwhisper/ros/workspace/nbr2_ws/install/autoaim/share/autoaim/package.zsh'
[0.943s] Level 1:colcon.colcon_core.environment:create_file_with_runtime_dependencies(/home/amwhisper/ros/workspace/nbr2_ws/install/autoaim/share/colcon-core/packages/autoaim)
[3.624s] DEBUG:colcon.colcon_core.event_handler.log_command:Invoking command in '/home/amwhisper/ros/workspace/nbr2_ws/build/node_interface': CMAKE_PREFIX_PATH=${CMAKE_PREFIX_PATH}:/home/amwhisper/ros/workspace/nbr2_ws/install/node_bridge_ros2 /usr/bin/cmake --install /home/amwhisper/ros/workspace/nbr2_ws/build/node_interface
[3.770s] Level 1:colcon.colcon_core.environment:create_environment_scripts_only(node_interface)
[3.771s] Level 1:colcon.colcon_core.environment:checking '/home/amwhisper/ros/workspace/nbr2_ws/install/node_interface' for CMake module files
[3.771s] DEBUG:colcon.colcon_core.event_handler.log_command:Invoked command in '/home/amwhisper/ros/workspace/nbr2_ws/build/node_interface' returned '0': CMAKE_PREFIX_PATH=${CMAKE_PREFIX_PATH}:/home/amwhisper/ros/workspace/nbr2_ws/install/node_bridge_ros2 /usr/bin/cmake --install /home/amwhisper/ros/workspace/nbr2_ws/build/node_interface
[3.772s] Level 1:colcon.colcon_core.environment:checking '/home/amwhisper/ros/workspace/nbr2_ws/install/node_interface' for CMake config files
[3.774s] Level 1:colcon.colcon_core.shell:create_environment_hook('node_interface', 'cmake_prefix_path')
[3.774s] INFO:colcon.colcon_core.shell:Creating environment hook '/home/amwhisper/ros/workspace/nbr2_ws/install/node_interface/share/node_interface/hook/cmake_prefix_path.ps1'
[3.775s] INFO:colcon.colcon_core.shell:Creating environment descriptor '/home/amwhisper/ros/workspace/nbr2_ws/install/node_interface/share/node_interface/hook/cmake_prefix_path.dsv'
[3.775s] INFO:colcon.colcon_core.shell:Creating environment hook '/home/amwhisper/ros/workspace/nbr2_ws/install/node_interface/share/node_interface/hook/cmake_prefix_path.sh'
[3.776s] Level 1:colcon.colcon_core.environment:checking '/home/amwhisper/ros/workspace/nbr2_ws/install/node_interface/lib'
[3.776s] Level 1:colcon.colcon_core.shell:create_environment_hook('node_interface', 'ld_library_path_lib')
[3.776s] INFO:colcon.colcon_core.shell:Creating environment hook '/home/amwhisper/ros/workspace/nbr2_ws/install/node_interface/share/node_interface/hook/ld_library_path_lib.ps1'
[3.777s] INFO:colcon.colcon_core.shell:Creating environment descriptor '/home/amwhisper/ros/workspace/nbr2_ws/install/node_interface/share/node_interface/hook/ld_library_path_lib.dsv'
[3.777s] INFO:colcon.colcon_core.shell:Creating environment hook '/home/amwhisper/ros/workspace/nbr2_ws/install/node_interface/share/node_interface/hook/ld_library_path_lib.sh'
[3.778s] Level 1:colcon.colcon_core.environment:checking '/home/amwhisper/ros/workspace/nbr2_ws/install/node_interface/bin'
[3.778s] Level 1:colcon.colcon_core.environment:checking '/home/amwhisper/ros/workspace/nbr2_ws/install/node_interface/lib/pkgconfig/node_interface.pc'
[3.778s] Level 1:colcon.colcon_core.environment:checking '/home/amwhisper/ros/workspace/nbr2_ws/install/node_interface/lib/python3.10/site-packages'
[3.778s] Level 1:colcon.colcon_core.environment:checking '/home/amwhisper/ros/workspace/nbr2_ws/install/node_interface/bin'
[3.778s] INFO:colcon.colcon_core.shell:Creating package script '/home/amwhisper/ros/workspace/nbr2_ws/install/node_interface/share/node_interface/package.ps1'
[3.779s] INFO:colcon.colcon_core.shell:Creating package descriptor '/home/amwhisper/ros/workspace/nbr2_ws/install/node_interface/share/node_interface/package.dsv'
[3.780s] INFO:colcon.colcon_core.shell:Creating package script '/home/amwhisper/ros/workspace/nbr2_ws/install/node_interface/share/node_interface/package.sh'
[3.780s] INFO:colcon.colcon_core.shell:Creating package script '/home/amwhisper/ros/workspace/nbr2_ws/install/node_interface/share/node_interface/package.bash'
[3.781s] INFO:colcon.colcon_core.shell:Creating package script '/home/amwhisper/ros/workspace/nbr2_ws/install/node_interface/share/node_interface/package.zsh'
[3.781s] Level 1:colcon.colcon_core.environment:create_file_with_runtime_dependencies(/home/amwhisper/ros/workspace/nbr2_ws/install/node_interface/share/colcon-core/packages/node_interface)
[6.980s] Level 1:colcon.colcon_core.environment:create_environment_scripts_only(node_interface)
[6.981s] Level 1:colcon.colcon_core.environment:checking '/home/amwhisper/ros/workspace/nbr2_ws/install/node_interface' for CMake module files
[6.981s] Level 1:colcon.colcon_core.environment:checking '/home/amwhisper/ros/workspace/nbr2_ws/install/node_interface' for CMake config files
[6.982s] Level 1:colcon.colcon_core.shell:create_environment_hook('node_interface', 'cmake_prefix_path')
[6.982s] INFO:colcon.colcon_core.shell:Creating environment hook '/home/amwhisper/ros/workspace/nbr2_ws/install/node_interface/share/node_interface/hook/cmake_prefix_path.ps1'
[6.983s] INFO:colcon.colcon_core.shell:Creating environment descriptor '/home/amwhisper/ros/workspace/nbr2_ws/install/node_interface/share/node_interface/hook/cmake_prefix_path.dsv'
[6.984s] INFO:colcon.colcon_core.shell:Creating environment hook '/home/amwhisper/ros/workspace/nbr2_ws/install/node_interface/share/node_interface/hook/cmake_prefix_path.sh'
[6.985s] Level 1:colcon.colcon_core.environment:checking '/home/amwhisper/ros/workspace/nbr2_ws/install/node_interface/lib'
[6.985s] Level 1:colcon.colcon_core.shell:create_environment_hook('node_interface', 'ld_library_path_lib')
[6.985s] INFO:colcon.colcon_core.shell:Creating environment hook '/home/amwhisper/ros/workspace/nbr2_ws/install/node_interface/share/node_interface/hook/ld_library_path_lib.ps1'
[6.985s] INFO:colcon.colcon_core.shell:Creating environment descriptor '/home/amwhisper/ros/workspace/nbr2_ws/install/node_interface/share/node_interface/hook/ld_library_path_lib.dsv'
[6.986s] INFO:colcon.colcon_core.shell:Creating environment hook '/home/amwhisper/ros/workspace/nbr2_ws/install/node_interface/share/node_interface/hook/ld_library_path_lib.sh'
[6.987s] Level 1:colcon.colcon_core.environment:checking '/home/amwhisper/ros/workspace/nbr2_ws/install/node_interface/bin'
[6.987s] Level 1:colcon.colcon_core.environment:checking '/home/amwhisper/ros/workspace/nbr2_ws/install/node_interface/lib/pkgconfig/node_interface.pc'
[6.987s] Level 1:colcon.colcon_core.environment:checking '/home/amwhisper/ros/workspace/nbr2_ws/install/node_interface/lib/python3.10/site-packages'
[6.987s] Level 1:colcon.colcon_core.environment:checking '/home/amwhisper/ros/workspace/nbr2_ws/install/node_interface/bin'
[6.987s] INFO:colcon.colcon_core.shell:Creating package script '/home/amwhisper/ros/workspace/nbr2_ws/install/node_interface/share/node_interface/package.ps1'
[6.988s] INFO:colcon.colcon_core.shell:Creating package descriptor '/home/amwhisper/ros/workspace/nbr2_ws/install/node_interface/share/node_interface/package.dsv'
[6.989s] INFO:colcon.colcon_core.shell:Creating package script '/home/amwhisper/ros/workspace/nbr2_ws/install/node_interface/share/node_interface/package.sh'
[6.989s] INFO:colcon.colcon_core.shell:Creating package script '/home/amwhisper/ros/workspace/nbr2_ws/install/node_interface/share/node_interface/package.bash'
[6.990s] INFO:colcon.colcon_core.shell:Creating package script '/home/amwhisper/ros/workspace/nbr2_ws/install/node_interface/share/node_interface/package.zsh'
[6.990s] Level 1:colcon.colcon_core.environment:create_file_with_runtime_dependencies(/home/amwhisper/ros/workspace/nbr2_ws/install/node_interface/share/colcon-core/packages/node_interface)
[6.991s] INFO:colcon.colcon_ros.task.ament_python.build:Building ROS package in '/home/amwhisper/ros/workspace/nbr2_ws/src/node_bridge_ros2' with build type 'ament_python'
[6.991s] Level 1:colcon.colcon_core.shell:create_environment_hook('node_bridge_ros2', 'ament_prefix_path')
[6.991s] INFO:colcon.colcon_core.shell:Creating environment hook '/home/amwhisper/ros/workspace/nbr2_ws/install/node_bridge_ros2/share/node_bridge_ros2/hook/ament_prefix_path.ps1'
[6.992s] INFO:colcon.colcon_core.shell:Creating environment descriptor '/home/amwhisper/ros/workspace/nbr2_ws/install/node_bridge_ros2/share/node_bridge_ros2/hook/ament_prefix_path.dsv'
[6.993s] INFO:colcon.colcon_core.shell:Creating environment hook '/home/amwhisper/ros/workspace/nbr2_ws/install/node_bridge_ros2/share/node_bridge_ros2/hook/ament_prefix_path.sh'
[6.994s] INFO:colcon.colcon_core.shell:Skip shell extension 'powershell' for command environment: Not usable outside of PowerShell
[6.994s] DEBUG:colcon.colcon_core.shell:Skip shell extension 'dsv' for command environment
[7.207s] INFO:colcon.colcon_core.task.python.build:Building Python package in '/home/amwhisper/ros/workspace/nbr2_ws/src/node_bridge_ros2'
[7.208s] INFO:colcon.colcon_core.shell:Skip shell extension 'powershell' for command environment: Not usable outside of PowerShell
[7.208s] DEBUG:colcon.colcon_core.shell:Skip shell extension 'dsv' for command environment
[7.449s] DEBUG:colcon.colcon_core.event_handler.log_command:Invoking command in '/home/amwhisper/ros/workspace/nbr2_ws/src/node_bridge_ros2': AMENT_PREFIX_PATH=/home/amwhisper/ros/workspace/nbr2_ws/install/autoaim:${AMENT_PREFIX_PATH} CMAKE_PREFIX_PATH=/home/amwhisper/ros/workspace/nbr2_ws/install/node_interface:/opt/ros/humble PYTHONPATH=/home/amwhisper/ros/workspace/nbr2_ws/build/node_bridge_ros2/prefix_override:/home/amwhisper/ros/workspace/nbr2_ws/install/node_bridge_ros2/lib/python3.10/site-packages:/home/amwhisper/ros/workspace/nbr2_ws/install/autoaim/lib/python3.10/site-packages:${PYTHONPATH} /usr/bin/python3 -W ignore:setup.py install is deprecated setup.py egg_info --egg-base ../../build/node_bridge_ros2 build --build-base /home/amwhisper/ros/workspace/nbr2_ws/build/node_bridge_ros2/build install --record /home/amwhisper/ros/workspace/nbr2_ws/build/node_bridge_ros2/install.log --single-version-externally-managed install_data
[7.663s] Level 1:colcon.colcon_core.environment:checking '/home/amwhisper/ros/workspace/nbr2_ws/install/node_bridge_ros2' for CMake module files
[7.664s] DEBUG:colcon.colcon_core.event_handler.log_command:Invoked command in '/home/amwhisper/ros/workspace/nbr2_ws/src/node_bridge_ros2' returned '0': AMENT_PREFIX_PATH=/home/amwhisper/ros/workspace/nbr2_ws/install/autoaim:${AMENT_PREFIX_PATH} CMAKE_PREFIX_PATH=/home/amwhisper/ros/workspace/nbr2_ws/install/node_interface:/opt/ros/humble PYTHONPATH=/home/amwhisper/ros/workspace/nbr2_ws/build/node_bridge_ros2/prefix_override:/home/amwhisper/ros/workspace/nbr2_ws/install/node_bridge_ros2/lib/python3.10/site-packages:/home/amwhisper/ros/workspace/nbr2_ws/install/autoaim/lib/python3.10/site-packages:${PYTHONPATH} /usr/bin/python3 -W ignore:setup.py install is deprecated setup.py egg_info --egg-base ../../build/node_bridge_ros2 build --build-base /home/amwhisper/ros/workspace/nbr2_ws/build/node_bridge_ros2/build install --record /home/amwhisper/ros/workspace/nbr2_ws/build/node_bridge_ros2/install.log --single-version-externally-managed install_data
[7.664s] Level 1:colcon.colcon_core.environment:checking '/home/amwhisper/ros/workspace/nbr2_ws/install/node_bridge_ros2' for CMake config files
[7.665s] Level 1:colcon.colcon_core.environment:checking '/home/amwhisper/ros/workspace/nbr2_ws/install/node_bridge_ros2/lib'
[7.665s] Level 1:colcon.colcon_core.environment:checking '/home/amwhisper/ros/workspace/nbr2_ws/install/node_bridge_ros2/bin'
[7.665s] Level 1:colcon.colcon_core.environment:checking '/home/amwhisper/ros/workspace/nbr2_ws/install/node_bridge_ros2/lib/pkgconfig/node_bridge_ros2.pc'
[7.665s] Level 1:colcon.colcon_core.environment:checking '/home/amwhisper/ros/workspace/nbr2_ws/install/node_bridge_ros2/lib/python3.10/site-packages'
[7.665s] Level 1:colcon.colcon_core.shell:create_environment_hook('node_bridge_ros2', 'pythonpath')
[7.665s] INFO:colcon.colcon_core.shell:Creating environment hook '/home/amwhisper/ros/workspace/nbr2_ws/install/node_bridge_ros2/share/node_bridge_ros2/hook/pythonpath.ps1'
[7.666s] INFO:colcon.colcon_core.shell:Creating environment descriptor '/home/amwhisper/ros/workspace/nbr2_ws/install/node_bridge_ros2/share/node_bridge_ros2/hook/pythonpath.dsv'
[7.666s] INFO:colcon.colcon_core.shell:Creating environment hook '/home/amwhisper/ros/workspace/nbr2_ws/install/node_bridge_ros2/share/node_bridge_ros2/hook/pythonpath.sh'
[7.667s] Level 1:colcon.colcon_core.environment:checking '/home/amwhisper/ros/workspace/nbr2_ws/install/node_bridge_ros2/bin'
[7.667s] Level 1:colcon.colcon_core.environment:create_environment_scripts_only(node_bridge_ros2)
[7.667s] INFO:colcon.colcon_core.shell:Creating package script '/home/amwhisper/ros/workspace/nbr2_ws/install/node_bridge_ros2/share/node_bridge_ros2/package.ps1'
[7.667s] INFO:colcon.colcon_core.shell:Creating package descriptor '/home/amwhisper/ros/workspace/nbr2_ws/install/node_bridge_ros2/share/node_bridge_ros2/package.dsv'
[7.668s] INFO:colcon.colcon_core.shell:Creating package script '/home/amwhisper/ros/workspace/nbr2_ws/install/node_bridge_ros2/share/node_bridge_ros2/package.sh'
[7.668s] INFO:colcon.colcon_core.shell:Creating package script '/home/amwhisper/ros/workspace/nbr2_ws/install/node_bridge_ros2/share/node_bridge_ros2/package.bash'
[7.669s] INFO:colcon.colcon_core.shell:Creating package script '/home/amwhisper/ros/workspace/nbr2_ws/install/node_bridge_ros2/share/node_bridge_ros2/package.zsh'
[7.669s] Level 1:colcon.colcon_core.environment:create_file_with_runtime_dependencies(/home/amwhisper/ros/workspace/nbr2_ws/install/node_bridge_ros2/share/colcon-core/packages/node_bridge_ros2)
[7.669s] DEBUG:colcon.colcon_parallel_executor.executor.parallel:closing loop
[7.670s] DEBUG:colcon.colcon_parallel_executor.executor.parallel:loop closed
[7.670s] DEBUG:colcon.colcon_parallel_executor.executor.parallel:run_until_complete finished with '0'
[7.670s] DEBUG:colcon.colcon_core.event_reactor:joining thread
[7.675s] INFO:colcon.colcon_core.plugin_system:Skipping extension 'colcon_notification.desktop_notification.terminal_notifier': Not used on non-Darwin systems
[7.675s] INFO:colcon.colcon_core.plugin_system:Skipping extension 'colcon_notification.desktop_notification.win32': Not used on non-Windows systems
[7.675s] INFO:colcon.colcon_notification.desktop_notification:Sending desktop notification using 'notify2'
[7.686s] DEBUG:colcon.colcon_core.event_reactor:joined thread
[7.686s] INFO:colcon.colcon_core.shell:Creating prefix script '/home/amwhisper/ros/workspace/nbr2_ws/install/local_setup.ps1'
[7.687s] INFO:colcon.colcon_core.shell:Creating prefix util module '/home/amwhisper/ros/workspace/nbr2_ws/install/_local_setup_util_ps1.py'
[7.689s] INFO:colcon.colcon_core.shell:Creating prefix chain script '/home/amwhisper/ros/workspace/nbr2_ws/install/setup.ps1'
[7.690s] INFO:colcon.colcon_core.shell:Creating prefix script '/home/amwhisper/ros/workspace/nbr2_ws/install/local_setup.sh'
[7.691s] INFO:colcon.colcon_core.shell:Creating prefix util module '/home/amwhisper/ros/workspace/nbr2_ws/install/_local_setup_util_sh.py'
[7.691s] INFO:colcon.colcon_core.shell:Creating prefix chain script '/home/amwhisper/ros/workspace/nbr2_ws/install/setup.sh'
[7.693s] INFO:colcon.colcon_core.shell:Creating prefix script '/home/amwhisper/ros/workspace/nbr2_ws/install/local_setup.bash'
[7.694s] INFO:colcon.colcon_core.shell:Creating prefix chain script '/home/amwhisper/ros/workspace/nbr2_ws/install/setup.bash'
[7.694s] INFO:colcon.colcon_core.shell:Creating prefix script '/home/amwhisper/ros/workspace/nbr2_ws/install/local_setup.zsh'
[7.695s] INFO:colcon.colcon_core.shell:Creating prefix chain script '/home/amwhisper/ros/workspace/nbr2_ws/install/setup.zsh'
