running egg_info
creating ../../build/autoaim/autoaim.egg-info
writing ../../build/autoaim/autoaim.egg-info/PKG-INFO
writing dependency_links to ../../build/autoaim/autoaim.egg-info/dependency_links.txt
writing entry points to ../../build/autoaim/autoaim.egg-info/entry_points.txt
writing requirements to ../../build/autoaim/autoaim.egg-info/requires.txt
writing top-level names to ../../build/autoaim/autoaim.egg-info/top_level.txt
writing manifest file '../../build/autoaim/autoaim.egg-info/SOURCES.txt'
reading manifest file '../../build/autoaim/autoaim.egg-info/SOURCES.txt'
writing manifest file '../../build/autoaim/autoaim.egg-info/SOURCES.txt'
running build
running build_py
creating /home/amwhisper/ros/workspace/nbr2_ws/build/autoaim/build
creating /home/amwhisper/ros/workspace/nbr2_ws/build/autoaim/build/lib
creating /home/amwhisper/ros/workspace/nbr2_ws/build/autoaim/build/lib/autoaim
copying autoaim/__init__.py -> /home/amwhisper/ros/workspace/nbr2_ws/build/autoaim/build/lib/autoaim
copying autoaim/attrdict.py -> /home/amwhisper/ros/workspace/nbr2_ws/build/autoaim/build/lib/autoaim
copying autoaim/toolbox.py -> /home/amwhisper/ros/workspace/nbr2_ws/build/autoaim/build/lib/autoaim
copying autoaim/telegram.py -> /home/amwhisper/ros/workspace/nbr2_ws/build/autoaim/build/lib/autoaim
copying autoaim/camera.py -> /home/amwhisper/ros/workspace/nbr2_ws/build/autoaim/build/lib/autoaim
copying autoaim/helpers.py -> /home/amwhisper/ros/workspace/nbr2_ws/build/autoaim/build/lib/autoaim
copying autoaim/dataloader.py -> /home/amwhisper/ros/workspace/nbr2_ws/build/autoaim/build/lib/autoaim
copying autoaim/predictor.py -> /home/amwhisper/ros/workspace/nbr2_ws/build/autoaim/build/lib/autoaim
running install
running install_lib
creating /home/amwhisper/ros/workspace/nbr2_ws/install/autoaim/lib/python3.10/site-packages/autoaim
copying /home/amwhisper/ros/workspace/nbr2_ws/build/autoaim/build/lib/autoaim/__init__.py -> /home/amwhisper/ros/workspace/nbr2_ws/install/autoaim/lib/python3.10/site-packages/autoaim
copying /home/amwhisper/ros/workspace/nbr2_ws/build/autoaim/build/lib/autoaim/attrdict.py -> /home/amwhisper/ros/workspace/nbr2_ws/install/autoaim/lib/python3.10/site-packages/autoaim
copying /home/amwhisper/ros/workspace/nbr2_ws/build/autoaim/build/lib/autoaim/toolbox.py -> /home/amwhisper/ros/workspace/nbr2_ws/install/autoaim/lib/python3.10/site-packages/autoaim
copying /home/amwhisper/ros/workspace/nbr2_ws/build/autoaim/build/lib/autoaim/telegram.py -> /home/amwhisper/ros/workspace/nbr2_ws/install/autoaim/lib/python3.10/site-packages/autoaim
copying /home/amwhisper/ros/workspace/nbr2_ws/build/autoaim/build/lib/autoaim/camera.py -> /home/amwhisper/ros/workspace/nbr2_ws/install/autoaim/lib/python3.10/site-packages/autoaim
copying /home/amwhisper/ros/workspace/nbr2_ws/build/autoaim/build/lib/autoaim/helpers.py -> /home/amwhisper/ros/workspace/nbr2_ws/install/autoaim/lib/python3.10/site-packages/autoaim
copying /home/amwhisper/ros/workspace/nbr2_ws/build/autoaim/build/lib/autoaim/dataloader.py -> /home/amwhisper/ros/workspace/nbr2_ws/install/autoaim/lib/python3.10/site-packages/autoaim
copying /home/amwhisper/ros/workspace/nbr2_ws/build/autoaim/build/lib/autoaim/predictor.py -> /home/amwhisper/ros/workspace/nbr2_ws/install/autoaim/lib/python3.10/site-packages/autoaim
byte-compiling /home/amwhisper/ros/workspace/nbr2_ws/install/autoaim/lib/python3.10/site-packages/autoaim/__init__.py to __init__.cpython-310.pyc
byte-compiling /home/amwhisper/ros/workspace/nbr2_ws/install/autoaim/lib/python3.10/site-packages/autoaim/attrdict.py to attrdict.cpython-310.pyc
byte-compiling /home/amwhisper/ros/workspace/nbr2_ws/install/autoaim/lib/python3.10/site-packages/autoaim/toolbox.py to toolbox.cpython-310.pyc
byte-compiling /home/amwhisper/ros/workspace/nbr2_ws/install/autoaim/lib/python3.10/site-packages/autoaim/telegram.py to telegram.cpython-310.pyc
byte-compiling /home/amwhisper/ros/workspace/nbr2_ws/install/autoaim/lib/python3.10/site-packages/autoaim/camera.py to camera.cpython-310.pyc
byte-compiling /home/amwhisper/ros/workspace/nbr2_ws/install/autoaim/lib/python3.10/site-packages/autoaim/helpers.py to helpers.cpython-310.pyc
byte-compiling /home/amwhisper/ros/workspace/nbr2_ws/install/autoaim/lib/python3.10/site-packages/autoaim/dataloader.py to dataloader.cpython-310.pyc
byte-compiling /home/amwhisper/ros/workspace/nbr2_ws/install/autoaim/lib/python3.10/site-packages/autoaim/predictor.py to predictor.cpython-310.pyc
running install_data
creating /home/amwhisper/ros/workspace/nbr2_ws/install/autoaim/share/ament_index
creating /home/amwhisper/ros/workspace/nbr2_ws/install/autoaim/share/ament_index/resource_index
creating /home/amwhisper/ros/workspace/nbr2_ws/install/autoaim/share/ament_index/resource_index/packages
copying resource/autoaim -> /home/amwhisper/ros/workspace/nbr2_ws/install/autoaim/share/ament_index/resource_index/packages
copying package.xml -> /home/amwhisper/ros/workspace/nbr2_ws/install/autoaim/share/autoaim
running install_egg_info
Copying ../../build/autoaim/autoaim.egg-info to /home/amwhisper/ros/workspace/nbr2_ws/install/autoaim/lib/python3.10/site-packages/autoaim-0.0.0-py3.10.egg-info
running install_scripts
writing list of installed files to '/home/amwhisper/ros/workspace/nbr2_ws/build/autoaim/install.log'
