[0.472s] Invoking command in '/home/amwhisper/ros/workspace/nbr2_ws/src/autoaim': PYTHONPATH=/home/amwhisper/ros/workspace/nbr2_ws/build/autoaim/prefix_override:/home/amwhisper/ros/workspace/nbr2_ws/install/autoaim/lib/python3.10/site-packages:${PYTHONPATH} /usr/bin/python3 -W ignore:setup.py install is deprecated setup.py egg_info --egg-base ../../build/autoaim build --build-base /home/amwhisper/ros/workspace/nbr2_ws/build/autoaim/build install --record /home/amwhisper/ros/workspace/nbr2_ws/build/autoaim/install.log --single-version-externally-managed install_data
[0.646s] running egg_info
[0.646s] writing ../../build/autoaim/autoaim.egg-info/PKG-INFO
[0.646s] writing dependency_links to ../../build/autoaim/autoaim.egg-info/dependency_links.txt
[0.647s] writing entry points to ../../build/autoaim/autoaim.egg-info/entry_points.txt
[0.647s] writing requirements to ../../build/autoaim/autoaim.egg-info/requires.txt
[0.647s] writing top-level names to ../../build/autoaim/autoaim.egg-info/top_level.txt
[0.649s] reading manifest file '../../build/autoaim/autoaim.egg-info/SOURCES.txt'
[0.649s] writing manifest file '../../build/autoaim/autoaim.egg-info/SOURCES.txt'
[0.649s] running build
[0.649s] running build_py
[0.649s] copying autoaim/__init__.py -> /home/amwhisper/ros/workspace/nbr2_ws/build/autoaim/build/lib/autoaim
[0.650s] copying autoaim/attrdict.py -> /home/amwhisper/ros/workspace/nbr2_ws/build/autoaim/build/lib/autoaim
[0.650s] copying autoaim/toolbox.py -> /home/amwhisper/ros/workspace/nbr2_ws/build/autoaim/build/lib/autoaim
[0.650s] copying autoaim/telegram.py -> /home/amwhisper/ros/workspace/nbr2_ws/build/autoaim/build/lib/autoaim
[0.650s] copying autoaim/camera.py -> /home/amwhisper/ros/workspace/nbr2_ws/build/autoaim/build/lib/autoaim
[0.650s] copying autoaim/helpers.py -> /home/amwhisper/ros/workspace/nbr2_ws/build/autoaim/build/lib/autoaim
[0.650s] copying autoaim/dataloader.py -> /home/amwhisper/ros/workspace/nbr2_ws/build/autoaim/build/lib/autoaim
[0.650s] copying autoaim/predictor.py -> /home/amwhisper/ros/workspace/nbr2_ws/build/autoaim/build/lib/autoaim
[0.651s] running install
[0.651s] running install_lib
[0.652s] copying /home/amwhisper/ros/workspace/nbr2_ws/build/autoaim/build/lib/autoaim/helpers.py -> /home/amwhisper/ros/workspace/nbr2_ws/install/autoaim/lib/python3.10/site-packages/autoaim
[0.652s] byte-compiling /home/amwhisper/ros/workspace/nbr2_ws/install/autoaim/lib/python3.10/site-packages/autoaim/helpers.py to helpers.cpython-310.pyc
[0.653s] running install_data
[0.654s] creating /home/amwhisper/ros/workspace/nbr2_ws/install/autoaim/share/autoaim/config
[0.654s] error: can't copy 'config/aimred.json': doesn't exist or not a regular file
[0.666s] Invoked command in '/home/amwhisper/ros/workspace/nbr2_ws/src/autoaim' returned '1': PYTHONPATH=/home/amwhisper/ros/workspace/nbr2_ws/build/autoaim/prefix_override:/home/amwhisper/ros/workspace/nbr2_ws/install/autoaim/lib/python3.10/site-packages:${PYTHONPATH} /usr/bin/python3 -W ignore:setup.py install is deprecated setup.py egg_info --egg-base ../../build/autoaim build --build-base /home/amwhisper/ros/workspace/nbr2_ws/build/autoaim/build install --record /home/amwhisper/ros/workspace/nbr2_ws/build/autoaim/install.log --single-version-externally-managed install_data
