[0.082s] DEBUG:colcon:Command line arguments: ['/usr/bin/colcon', 'build', '--packages-select', 'autoaim']
[0.082s] DEBUG:colcon:Parsed command line arguments: Namespace(log_base=None, log_level=None, verb_name='build', build_base='build', install_base='install', merge_install=False, symlink_install=False, test_result_base=None, continue_on_error=False, executor='parallel', parallel_workers=6, event_handlers=None, ignore_user_meta=False, metas=['./colcon.meta'], base_paths=['.'], packages_ignore=None, packages_ignore_regex=None, paths=None, packages_up_to=None, packages_up_to_regex=None, packages_above=None, packages_above_and_dependencies=None, packages_above_depth=None, packages_select_by_dep=None, packages_skip_by_dep=None, packages_skip_up_to=None, packages_select_build_failed=False, packages_skip_build_finished=False, packages_select_test_failures=False, packages_skip_test_passed=False, packages_select=['autoaim'], packages_skip=None, packages_select_regex=None, packages_skip_regex=None, packages_start=None, packages_end=None, allow_overriding=[], cmake_args=None, cmake_target=None, cmake_target_skip_unavailable=False, cmake_clean_cache=False, cmake_clean_first=False, cmake_force_configure=False, ament_cmake_args=None, catkin_cmake_args=None, catkin_skip_building_tests=False, verb_parser=<colcon_defaults.argument_parser.defaults.DefaultArgumentsDecorator object at 0x7f17d97e7fd0>, verb_extension=<colcon_core.verb.build.BuildVerb object at 0x7f17d9734a90>, main=<bound method BuildVerb.main of <colcon_core.verb.build.BuildVerb object at 0x7f17d9734a90>>)
[0.194s] Level 1:colcon.colcon_core.package_discovery:discover_packages(colcon_meta) check parameters
[0.194s] Level 1:colcon.colcon_core.package_discovery:discover_packages(recursive) check parameters
[0.194s] Level 1:colcon.colcon_core.package_discovery:discover_packages(ignore) check parameters
[0.194s] Level 1:colcon.colcon_core.package_discovery:discover_packages(path) check parameters
[0.194s] Level 1:colcon.colcon_core.package_discovery:discover_packages(colcon_meta) discover
[0.194s] Level 1:colcon.colcon_core.package_discovery:discover_packages(recursive) discover
[0.194s] INFO:colcon.colcon_core.package_discovery:Crawling recursively for packages in '/home/amwhisper/ros/workspace/nbr2_ws'
[0.194s] Level 1:colcon.colcon_core.package_identification:_identify(.) by extensions ['ignore', 'ignore_ament_install']
[0.195s] Level 1:colcon.colcon_core.package_identification:_identify(.) by extension 'ignore'
[0.195s] Level 1:colcon.colcon_core.package_identification:_identify(.) by extension 'ignore_ament_install'
[0.195s] Level 1:colcon.colcon_core.package_identification:_identify(.) by extensions ['colcon_pkg']
[0.195s] Level 1:colcon.colcon_core.package_identification:_identify(.) by extension 'colcon_pkg'
[0.195s] Level 1:colcon.colcon_core.package_identification:_identify(.) by extensions ['colcon_meta']
[0.195s] Level 1:colcon.colcon_core.package_identification:_identify(.) by extension 'colcon_meta'
[0.195s] Level 1:colcon.colcon_core.package_identification:_identify(.) by extensions ['ros']
[0.195s] Level 1:colcon.colcon_core.package_identification:_identify(.) by extension 'ros'
[0.204s] Level 1:colcon.colcon_core.package_identification:_identify(.) by extensions ['cmake', 'python']
[0.204s] Level 1:colcon.colcon_core.package_identification:_identify(.) by extension 'cmake'
[0.204s] Level 1:colcon.colcon_core.package_identification:_identify(.) by extension 'python'
[0.204s] Level 1:colcon.colcon_core.package_identification:_identify(.) by extensions ['python_setup_py']
[0.204s] Level 1:colcon.colcon_core.package_identification:_identify(.) by extension 'python_setup_py'
[0.204s] Level 1:colcon.colcon_core.package_identification:_identify(app) by extensions ['ignore', 'ignore_ament_install']
[0.204s] Level 1:colcon.colcon_core.package_identification:_identify(app) by extension 'ignore'
[0.204s] Level 1:colcon.colcon_core.package_identification:_identify(app) by extension 'ignore_ament_install'
[0.205s] Level 1:colcon.colcon_core.package_identification:_identify(app) by extensions ['colcon_pkg']
[0.205s] Level 1:colcon.colcon_core.package_identification:_identify(app) by extension 'colcon_pkg'
[0.205s] Level 1:colcon.colcon_core.package_identification:_identify(app) by extensions ['colcon_meta']
[0.205s] Level 1:colcon.colcon_core.package_identification:_identify(app) by extension 'colcon_meta'
[0.205s] Level 1:colcon.colcon_core.package_identification:_identify(app) by extensions ['ros']
[0.205s] Level 1:colcon.colcon_core.package_identification:_identify(app) by extension 'ros'
[0.205s] Level 1:colcon.colcon_core.package_identification:_identify(app) by extensions ['cmake', 'python']
[0.205s] Level 1:colcon.colcon_core.package_identification:_identify(app) by extension 'cmake'
[0.205s] Level 1:colcon.colcon_core.package_identification:_identify(app) by extension 'python'
[0.205s] Level 1:colcon.colcon_core.package_identification:_identify(app) by extensions ['python_setup_py']
[0.205s] Level 1:colcon.colcon_core.package_identification:_identify(app) by extension 'python_setup_py'
[0.206s] Level 1:colcon.colcon_core.package_identification:_identify(app/__pycache__) by extensions ['ignore', 'ignore_ament_install']
[0.206s] Level 1:colcon.colcon_core.package_identification:_identify(app/__pycache__) by extension 'ignore'
[0.206s] Level 1:colcon.colcon_core.package_identification:_identify(app/__pycache__) by extension 'ignore_ament_install'
[0.206s] Level 1:colcon.colcon_core.package_identification:_identify(app/__pycache__) by extensions ['colcon_pkg']
[0.206s] Level 1:colcon.colcon_core.package_identification:_identify(app/__pycache__) by extension 'colcon_pkg'
[0.206s] Level 1:colcon.colcon_core.package_identification:_identify(app/__pycache__) by extensions ['colcon_meta']
[0.206s] Level 1:colcon.colcon_core.package_identification:_identify(app/__pycache__) by extension 'colcon_meta'
[0.206s] Level 1:colcon.colcon_core.package_identification:_identify(app/__pycache__) by extensions ['ros']
[0.206s] Level 1:colcon.colcon_core.package_identification:_identify(app/__pycache__) by extension 'ros'
[0.206s] Level 1:colcon.colcon_core.package_identification:_identify(app/__pycache__) by extensions ['cmake', 'python']
[0.207s] Level 1:colcon.colcon_core.package_identification:_identify(app/__pycache__) by extension 'cmake'
[0.207s] Level 1:colcon.colcon_core.package_identification:_identify(app/__pycache__) by extension 'python'
[0.207s] Level 1:colcon.colcon_core.package_identification:_identify(app/__pycache__) by extensions ['python_setup_py']
[0.207s] Level 1:colcon.colcon_core.package_identification:_identify(app/__pycache__) by extension 'python_setup_py'
[0.207s] Level 1:colcon.colcon_core.package_identification:_identify(build) by extensions ['ignore', 'ignore_ament_install']
[0.207s] Level 1:colcon.colcon_core.package_identification:_identify(build) by extension 'ignore'
[0.207s] Level 1:colcon.colcon_core.package_identification:_identify(build) ignored
[0.207s] Level 1:colcon.colcon_core.package_identification:_identify(install) by extensions ['ignore', 'ignore_ament_install']
[0.207s] Level 1:colcon.colcon_core.package_identification:_identify(install) by extension 'ignore'
[0.207s] Level 1:colcon.colcon_core.package_identification:_identify(install) ignored
[0.208s] Level 1:colcon.colcon_core.package_identification:_identify(library) by extensions ['ignore', 'ignore_ament_install']
[0.208s] Level 1:colcon.colcon_core.package_identification:_identify(library) by extension 'ignore'
[0.208s] Level 1:colcon.colcon_core.package_identification:_identify(library) by extension 'ignore_ament_install'
[0.208s] Level 1:colcon.colcon_core.package_identification:_identify(library) by extensions ['colcon_pkg']
[0.208s] Level 1:colcon.colcon_core.package_identification:_identify(library) by extension 'colcon_pkg'
[0.208s] Level 1:colcon.colcon_core.package_identification:_identify(library) by extensions ['colcon_meta']
[0.208s] Level 1:colcon.colcon_core.package_identification:_identify(library) by extension 'colcon_meta'
[0.208s] Level 1:colcon.colcon_core.package_identification:_identify(library) by extensions ['ros']
[0.208s] Level 1:colcon.colcon_core.package_identification:_identify(library) by extension 'ros'
[0.208s] Level 1:colcon.colcon_core.package_identification:_identify(library) by extensions ['cmake', 'python']
[0.209s] Level 1:colcon.colcon_core.package_identification:_identify(library) by extension 'cmake'
[0.209s] Level 1:colcon.colcon_core.package_identification:_identify(library) by extension 'python'
[0.209s] Level 1:colcon.colcon_core.package_identification:_identify(library) by extensions ['python_setup_py']
[0.209s] Level 1:colcon.colcon_core.package_identification:_identify(library) by extension 'python_setup_py'
[0.209s] Level 1:colcon.colcon_core.package_identification:_identify(log) by extensions ['ignore', 'ignore_ament_install']
[0.209s] Level 1:colcon.colcon_core.package_identification:_identify(log) by extension 'ignore'
[0.209s] Level 1:colcon.colcon_core.package_identification:_identify(log) ignored
[0.209s] Level 1:colcon.colcon_core.package_identification:_identify(src) by extensions ['ignore', 'ignore_ament_install']
[0.209s] Level 1:colcon.colcon_core.package_identification:_identify(src) by extension 'ignore'
[0.209s] Level 1:colcon.colcon_core.package_identification:_identify(src) by extension 'ignore_ament_install'
[0.210s] Level 1:colcon.colcon_core.package_identification:_identify(src) by extensions ['colcon_pkg']
[0.210s] Level 1:colcon.colcon_core.package_identification:_identify(src) by extension 'colcon_pkg'
[0.210s] Level 1:colcon.colcon_core.package_identification:_identify(src) by extensions ['colcon_meta']
[0.210s] Level 1:colcon.colcon_core.package_identification:_identify(src) by extension 'colcon_meta'
[0.210s] Level 1:colcon.colcon_core.package_identification:_identify(src) by extensions ['ros']
[0.210s] Level 1:colcon.colcon_core.package_identification:_identify(src) by extension 'ros'
[0.210s] Level 1:colcon.colcon_core.package_identification:_identify(src) by extensions ['cmake', 'python']
[0.210s] Level 1:colcon.colcon_core.package_identification:_identify(src) by extension 'cmake'
[0.210s] Level 1:colcon.colcon_core.package_identification:_identify(src) by extension 'python'
[0.210s] Level 1:colcon.colcon_core.package_identification:_identify(src) by extensions ['python_setup_py']
[0.210s] Level 1:colcon.colcon_core.package_identification:_identify(src) by extension 'python_setup_py'
[0.211s] Level 1:colcon.colcon_core.package_identification:_identify(src/autoaim) by extensions ['ignore', 'ignore_ament_install']
[0.211s] Level 1:colcon.colcon_core.package_identification:_identify(src/autoaim) by extension 'ignore'
[0.211s] Level 1:colcon.colcon_core.package_identification:_identify(src/autoaim) by extension 'ignore_ament_install'
[0.211s] Level 1:colcon.colcon_core.package_identification:_identify(src/autoaim) by extensions ['colcon_pkg']
[0.211s] Level 1:colcon.colcon_core.package_identification:_identify(src/autoaim) by extension 'colcon_pkg'
[0.211s] Level 1:colcon.colcon_core.package_identification:_identify(src/autoaim) by extensions ['colcon_meta']
[0.211s] Level 1:colcon.colcon_core.package_identification:_identify(src/autoaim) by extension 'colcon_meta'
[0.211s] Level 1:colcon.colcon_core.package_identification:_identify(src/autoaim) by extensions ['ros']
[0.211s] Level 1:colcon.colcon_core.package_identification:_identify(src/autoaim) by extension 'ros'
[0.213s] DEBUG:colcon.colcon_core.package_identification:Package 'src/autoaim' with type 'ros.ament_python' and name 'autoaim'
[0.213s] Level 1:colcon.colcon_core.package_identification:_identify(src/node_bridge_ros2) by extensions ['ignore', 'ignore_ament_install']
[0.213s] Level 1:colcon.colcon_core.package_identification:_identify(src/node_bridge_ros2) by extension 'ignore'
[0.213s] Level 1:colcon.colcon_core.package_identification:_identify(src/node_bridge_ros2) by extension 'ignore_ament_install'
[0.213s] Level 1:colcon.colcon_core.package_identification:_identify(src/node_bridge_ros2) by extensions ['colcon_pkg']
[0.214s] Level 1:colcon.colcon_core.package_identification:_identify(src/node_bridge_ros2) by extension 'colcon_pkg'
[0.214s] Level 1:colcon.colcon_core.package_identification:_identify(src/node_bridge_ros2) by extensions ['colcon_meta']
[0.214s] Level 1:colcon.colcon_core.package_identification:_identify(src/node_bridge_ros2) by extension 'colcon_meta'
[0.214s] Level 1:colcon.colcon_core.package_identification:_identify(src/node_bridge_ros2) by extensions ['ros']
[0.214s] Level 1:colcon.colcon_core.package_identification:_identify(src/node_bridge_ros2) by extension 'ros'
[0.214s] DEBUG:colcon.colcon_core.package_identification:Package 'src/node_bridge_ros2' with type 'ros.ament_python' and name 'node_bridge_ros2'
[0.215s] Level 1:colcon.colcon_core.package_identification:_identify(src/node_interface) by extensions ['ignore', 'ignore_ament_install']
[0.215s] Level 1:colcon.colcon_core.package_identification:_identify(src/node_interface) by extension 'ignore'
[0.215s] Level 1:colcon.colcon_core.package_identification:_identify(src/node_interface) by extension 'ignore_ament_install'
[0.215s] Level 1:colcon.colcon_core.package_identification:_identify(src/node_interface) by extensions ['colcon_pkg']
[0.215s] Level 1:colcon.colcon_core.package_identification:_identify(src/node_interface) by extension 'colcon_pkg'
[0.215s] Level 1:colcon.colcon_core.package_identification:_identify(src/node_interface) by extensions ['colcon_meta']
[0.215s] Level 1:colcon.colcon_core.package_identification:_identify(src/node_interface) by extension 'colcon_meta'
[0.215s] Level 1:colcon.colcon_core.package_identification:_identify(src/node_interface) by extensions ['ros']
[0.215s] Level 1:colcon.colcon_core.package_identification:_identify(src/node_interface) by extension 'ros'
[0.216s] DEBUG:colcon.colcon_core.package_identification:Package 'src/node_interface' with type 'ros.ament_cmake' and name 'node_interface'
[0.216s] Level 1:colcon.colcon_core.package_discovery:discover_packages(recursive) using defaults
[0.216s] Level 1:colcon.colcon_core.package_discovery:discover_packages(ignore) discover
[0.216s] Level 1:colcon.colcon_core.package_discovery:discover_packages(ignore) using defaults
[0.216s] Level 1:colcon.colcon_core.package_discovery:discover_packages(path) discover
[0.216s] Level 1:colcon.colcon_core.package_discovery:discover_packages(path) using defaults
[0.230s] INFO:colcon.colcon_core.package_selection:Skipping not selected package 'node_interface' in 'src/node_interface'
[0.230s] INFO:colcon.colcon_core.package_selection:Skipping not selected package 'node_bridge_ros2' in 'src/node_bridge_ros2'
[0.230s] Level 1:colcon.colcon_core.package_discovery:discover_packages(prefix_path) check parameters
[0.230s] Level 1:colcon.colcon_core.package_discovery:discover_packages(prefix_path) discover
[0.232s] DEBUG:colcon.colcon_installed_package_information.package_discovery:Found 3 installed packages in /home/amwhisper/ros/workspace/nbr2_ws/install
[0.233s] DEBUG:colcon.colcon_installed_package_information.package_discovery:Found 270 installed packages in /opt/ros/humble
[0.234s] Level 1:colcon.colcon_core.package_discovery:discover_packages(prefix_path) using defaults
[0.267s] WARNING:colcon.colcon_core.package_selection:Some selected packages are already built in one or more underlay workspaces:
	'autoaim' is in: /home/amwhisper/ros/workspace/nbr2_ws/install/autoaim
If a package in a merged underlay workspace is overridden and it installs headers, then all packages in the overlay must sort their include directories by workspace order. Failure to do so may result in build failures or undefined behavior at run time.
If the overridden package is used by another package in any underlay, then the overriding package in the overlay must be API and ABI compatible or undefined behavior at run time may occur.

If you understand the risks and want to override a package anyways, add the following to the command line:
	--allow-overriding autoaim

This may be promoted to an error in a future release of colcon-override-check.
[0.267s] Level 5:colcon.colcon_core.verb:set package 'autoaim' build argument 'cmake_args' from command line to 'None'
[0.268s] Level 5:colcon.colcon_core.verb:set package 'autoaim' build argument 'cmake_target' from command line to 'None'
[0.268s] Level 5:colcon.colcon_core.verb:set package 'autoaim' build argument 'cmake_target_skip_unavailable' from command line to 'False'
[0.268s] Level 5:colcon.colcon_core.verb:set package 'autoaim' build argument 'cmake_clean_cache' from command line to 'False'
[0.268s] Level 5:colcon.colcon_core.verb:set package 'autoaim' build argument 'cmake_clean_first' from command line to 'False'
[0.268s] Level 5:colcon.colcon_core.verb:set package 'autoaim' build argument 'cmake_force_configure' from command line to 'False'
[0.268s] Level 5:colcon.colcon_core.verb:set package 'autoaim' build argument 'ament_cmake_args' from command line to 'None'
[0.268s] Level 5:colcon.colcon_core.verb:set package 'autoaim' build argument 'catkin_cmake_args' from command line to 'None'
[0.268s] Level 5:colcon.colcon_core.verb:set package 'autoaim' build argument 'catkin_skip_building_tests' from command line to 'False'
[0.268s] DEBUG:colcon.colcon_core.verb:Building package 'autoaim' with the following arguments: {'ament_cmake_args': None, 'build_base': '/home/amwhisper/ros/workspace/nbr2_ws/build/autoaim', 'catkin_cmake_args': None, 'catkin_skip_building_tests': False, 'cmake_args': None, 'cmake_clean_cache': False, 'cmake_clean_first': False, 'cmake_force_configure': False, 'cmake_target': None, 'cmake_target_skip_unavailable': False, 'install_base': '/home/amwhisper/ros/workspace/nbr2_ws/install/autoaim', 'merge_install': False, 'path': '/home/amwhisper/ros/workspace/nbr2_ws/src/autoaim', 'symlink_install': False, 'test_result_base': None}
[0.268s] INFO:colcon.colcon_core.executor:Executing jobs using 'parallel' executor
[0.269s] DEBUG:colcon.colcon_parallel_executor.executor.parallel:run_until_complete
[0.270s] INFO:colcon.colcon_ros.task.ament_python.build:Building ROS package in '/home/amwhisper/ros/workspace/nbr2_ws/src/autoaim' with build type 'ament_python'
[0.270s] Level 1:colcon.colcon_core.shell:create_environment_hook('autoaim', 'ament_prefix_path')
[0.271s] INFO:colcon.colcon_core.plugin_system:Skipping extension 'colcon_core.shell.bat': Not used on non-Windows systems
[0.272s] INFO:colcon.colcon_core.shell:Creating environment hook '/home/amwhisper/ros/workspace/nbr2_ws/install/autoaim/share/autoaim/hook/ament_prefix_path.ps1'
[0.273s] INFO:colcon.colcon_core.shell:Creating environment descriptor '/home/amwhisper/ros/workspace/nbr2_ws/install/autoaim/share/autoaim/hook/ament_prefix_path.dsv'
[0.273s] INFO:colcon.colcon_core.shell:Creating environment hook '/home/amwhisper/ros/workspace/nbr2_ws/install/autoaim/share/autoaim/hook/ament_prefix_path.sh'
[0.274s] INFO:colcon.colcon_core.shell:Skip shell extension 'powershell' for command environment: Not usable outside of PowerShell
[0.274s] DEBUG:colcon.colcon_core.shell:Skip shell extension 'dsv' for command environment
[0.482s] INFO:colcon.colcon_core.task.python.build:Building Python package in '/home/amwhisper/ros/workspace/nbr2_ws/src/autoaim'
[0.483s] INFO:colcon.colcon_core.shell:Skip shell extension 'powershell' for command environment: Not usable outside of PowerShell
[0.483s] DEBUG:colcon.colcon_core.shell:Skip shell extension 'dsv' for command environment
[0.731s] DEBUG:colcon.colcon_core.event_handler.log_command:Invoking command in '/home/amwhisper/ros/workspace/nbr2_ws/src/autoaim': PYTHONPATH=/home/amwhisper/ros/workspace/nbr2_ws/build/autoaim/prefix_override:/home/amwhisper/ros/workspace/nbr2_ws/install/autoaim/lib/python3.10/site-packages:${PYTHONPATH} /usr/bin/python3 -W ignore:setup.py install is deprecated setup.py egg_info --egg-base ../../build/autoaim build --build-base /home/amwhisper/ros/workspace/nbr2_ws/build/autoaim/build install --record /home/amwhisper/ros/workspace/nbr2_ws/build/autoaim/install.log --single-version-externally-managed install_data
[0.933s] DEBUG:colcon.colcon_core.event_handler.log_command:Invoked command in '/home/amwhisper/ros/workspace/nbr2_ws/src/autoaim' returned '1': PYTHONPATH=/home/amwhisper/ros/workspace/nbr2_ws/build/autoaim/prefix_override:/home/amwhisper/ros/workspace/nbr2_ws/install/autoaim/lib/python3.10/site-packages:${PYTHONPATH} /usr/bin/python3 -W ignore:setup.py install is deprecated setup.py egg_info --egg-base ../../build/autoaim build --build-base /home/amwhisper/ros/workspace/nbr2_ws/build/autoaim/build install --record /home/amwhisper/ros/workspace/nbr2_ws/build/autoaim/install.log --single-version-externally-managed install_data
[0.943s] DEBUG:colcon.colcon_parallel_executor.executor.parallel:closing loop
[0.943s] DEBUG:colcon.colcon_parallel_executor.executor.parallel:loop closed
[0.944s] DEBUG:colcon.colcon_parallel_executor.executor.parallel:run_until_complete finished with '1'
[0.944s] DEBUG:colcon.colcon_core.event_reactor:joining thread
[0.948s] INFO:colcon.colcon_core.plugin_system:Skipping extension 'colcon_notification.desktop_notification.terminal_notifier': Not used on non-Darwin systems
[0.948s] INFO:colcon.colcon_core.plugin_system:Skipping extension 'colcon_notification.desktop_notification.win32': Not used on non-Windows systems
[0.948s] INFO:colcon.colcon_notification.desktop_notification:Sending desktop notification using 'notify2'
[0.959s] DEBUG:colcon.colcon_core.event_reactor:joined thread
[0.959s] INFO:colcon.colcon_core.shell:Creating prefix script '/home/amwhisper/ros/workspace/nbr2_ws/install/local_setup.ps1'
[0.960s] INFO:colcon.colcon_core.shell:Creating prefix util module '/home/amwhisper/ros/workspace/nbr2_ws/install/_local_setup_util_ps1.py'
[0.962s] INFO:colcon.colcon_core.shell:Creating prefix chain script '/home/amwhisper/ros/workspace/nbr2_ws/install/setup.ps1'
[0.963s] INFO:colcon.colcon_core.shell:Creating prefix script '/home/amwhisper/ros/workspace/nbr2_ws/install/local_setup.sh'
[0.963s] INFO:colcon.colcon_core.shell:Creating prefix util module '/home/amwhisper/ros/workspace/nbr2_ws/install/_local_setup_util_sh.py'
[0.964s] INFO:colcon.colcon_core.shell:Creating prefix chain script '/home/amwhisper/ros/workspace/nbr2_ws/install/setup.sh'
[0.965s] INFO:colcon.colcon_core.shell:Creating prefix script '/home/amwhisper/ros/workspace/nbr2_ws/install/local_setup.bash'
[0.965s] INFO:colcon.colcon_core.shell:Creating prefix chain script '/home/amwhisper/ros/workspace/nbr2_ws/install/setup.bash'
[0.967s] INFO:colcon.colcon_core.shell:Creating prefix script '/home/amwhisper/ros/workspace/nbr2_ws/install/local_setup.zsh'
[0.967s] INFO:colcon.colcon_core.shell:Creating prefix chain script '/home/amwhisper/ros/workspace/nbr2_ws/install/setup.zsh'
