[0.076s] DEBUG:colcon:Command line arguments: ['/usr/bin/colcon', 'build']
[0.076s] DEBUG:colcon:Parsed command line arguments: Namespace(log_base=None, log_level=None, verb_name='build', build_base='build', install_base='install', merge_install=False, symlink_install=False, test_result_base=None, continue_on_error=False, executor='parallel', parallel_workers=6, event_handlers=None, ignore_user_meta=False, metas=['./colcon.meta'], base_paths=['.'], packages_ignore=None, packages_ignore_regex=None, paths=None, packages_up_to=None, packages_up_to_regex=None, packages_above=None, packages_above_and_dependencies=None, packages_above_depth=None, packages_select_by_dep=None, packages_skip_by_dep=None, packages_skip_up_to=None, packages_select_build_failed=False, packages_skip_build_finished=False, packages_select_test_failures=False, packages_skip_test_passed=False, packages_select=None, packages_skip=None, packages_select_regex=None, packages_skip_regex=None, packages_start=None, packages_end=None, allow_overriding=[], cmake_args=None, cmake_target=None, cmake_target_skip_unavailable=False, cmake_clean_cache=False, cmake_clean_first=False, cmake_force_configure=False, ament_cmake_args=None, catkin_cmake_args=None, catkin_skip_building_tests=False, verb_parser=<colcon_defaults.argument_parser.defaults.DefaultArgumentsDecorator object at 0x7853e7e387f0>, verb_extension=<colcon_core.verb.build.BuildVerb object at 0x7853e7f41330>, main=<bound method BuildVerb.main of <colcon_core.verb.build.BuildVerb object at 0x7853e7f41330>>)
[0.183s] Level 1:colcon.colcon_core.package_discovery:discover_packages(colcon_meta) check parameters
[0.184s] Level 1:colcon.colcon_core.package_discovery:discover_packages(recursive) check parameters
[0.184s] Level 1:colcon.colcon_core.package_discovery:discover_packages(ignore) check parameters
[0.184s] Level 1:colcon.colcon_core.package_discovery:discover_packages(path) check parameters
[0.184s] Level 1:colcon.colcon_core.package_discovery:discover_packages(colcon_meta) discover
[0.184s] Level 1:colcon.colcon_core.package_discovery:discover_packages(recursive) discover
[0.184s] INFO:colcon.colcon_core.package_discovery:Crawling recursively for packages in '/home/amwhisper/ros/workspace/nbr2_ws'
[0.184s] Level 1:colcon.colcon_core.package_identification:_identify(.) by extensions ['ignore', 'ignore_ament_install']
[0.184s] Level 1:colcon.colcon_core.package_identification:_identify(.) by extension 'ignore'
[0.184s] Level 1:colcon.colcon_core.package_identification:_identify(.) by extension 'ignore_ament_install'
[0.184s] Level 1:colcon.colcon_core.package_identification:_identify(.) by extensions ['colcon_pkg']
[0.184s] Level 1:colcon.colcon_core.package_identification:_identify(.) by extension 'colcon_pkg'
[0.184s] Level 1:colcon.colcon_core.package_identification:_identify(.) by extensions ['colcon_meta']
[0.184s] Level 1:colcon.colcon_core.package_identification:_identify(.) by extension 'colcon_meta'
[0.184s] Level 1:colcon.colcon_core.package_identification:_identify(.) by extensions ['ros']
[0.184s] Level 1:colcon.colcon_core.package_identification:_identify(.) by extension 'ros'
[0.192s] Level 1:colcon.colcon_core.package_identification:_identify(.) by extensions ['cmake', 'python']
[0.192s] Level 1:colcon.colcon_core.package_identification:_identify(.) by extension 'cmake'
[0.192s] Level 1:colcon.colcon_core.package_identification:_identify(.) by extension 'python'
[0.192s] Level 1:colcon.colcon_core.package_identification:_identify(.) by extensions ['python_setup_py']
[0.192s] Level 1:colcon.colcon_core.package_identification:_identify(.) by extension 'python_setup_py'
[0.192s] Level 1:colcon.colcon_core.package_identification:_identify(build) by extensions ['ignore', 'ignore_ament_install']
[0.192s] Level 1:colcon.colcon_core.package_identification:_identify(build) by extension 'ignore'
[0.192s] Level 1:colcon.colcon_core.package_identification:_identify(build) ignored
[0.192s] Level 1:colcon.colcon_core.package_identification:_identify(install) by extensions ['ignore', 'ignore_ament_install']
[0.192s] Level 1:colcon.colcon_core.package_identification:_identify(install) by extension 'ignore'
[0.192s] Level 1:colcon.colcon_core.package_identification:_identify(install) ignored
[0.192s] Level 1:colcon.colcon_core.package_identification:_identify(library) by extensions ['ignore', 'ignore_ament_install']
[0.193s] Level 1:colcon.colcon_core.package_identification:_identify(library) by extension 'ignore'
[0.193s] Level 1:colcon.colcon_core.package_identification:_identify(library) by extension 'ignore_ament_install'
[0.193s] Level 1:colcon.colcon_core.package_identification:_identify(library) by extensions ['colcon_pkg']
[0.193s] Level 1:colcon.colcon_core.package_identification:_identify(library) by extension 'colcon_pkg'
[0.193s] Level 1:colcon.colcon_core.package_identification:_identify(library) by extensions ['colcon_meta']
[0.193s] Level 1:colcon.colcon_core.package_identification:_identify(library) by extension 'colcon_meta'
[0.193s] Level 1:colcon.colcon_core.package_identification:_identify(library) by extensions ['ros']
[0.193s] Level 1:colcon.colcon_core.package_identification:_identify(library) by extension 'ros'
[0.193s] Level 1:colcon.colcon_core.package_identification:_identify(library) by extensions ['cmake', 'python']
[0.193s] Level 1:colcon.colcon_core.package_identification:_identify(library) by extension 'cmake'
[0.193s] Level 1:colcon.colcon_core.package_identification:_identify(library) by extension 'python'
[0.193s] Level 1:colcon.colcon_core.package_identification:_identify(library) by extensions ['python_setup_py']
[0.193s] Level 1:colcon.colcon_core.package_identification:_identify(library) by extension 'python_setup_py'
[0.193s] Level 1:colcon.colcon_core.package_identification:_identify(log) by extensions ['ignore', 'ignore_ament_install']
[0.193s] Level 1:colcon.colcon_core.package_identification:_identify(log) by extension 'ignore'
[0.193s] Level 1:colcon.colcon_core.package_identification:_identify(log) ignored
[0.193s] Level 1:colcon.colcon_core.package_identification:_identify(src) by extensions ['ignore', 'ignore_ament_install']
[0.193s] Level 1:colcon.colcon_core.package_identification:_identify(src) by extension 'ignore'
[0.193s] Level 1:colcon.colcon_core.package_identification:_identify(src) by extension 'ignore_ament_install'
[0.193s] Level 1:colcon.colcon_core.package_identification:_identify(src) by extensions ['colcon_pkg']
[0.193s] Level 1:colcon.colcon_core.package_identification:_identify(src) by extension 'colcon_pkg'
[0.193s] Level 1:colcon.colcon_core.package_identification:_identify(src) by extensions ['colcon_meta']
[0.193s] Level 1:colcon.colcon_core.package_identification:_identify(src) by extension 'colcon_meta'
[0.193s] Level 1:colcon.colcon_core.package_identification:_identify(src) by extensions ['ros']
[0.193s] Level 1:colcon.colcon_core.package_identification:_identify(src) by extension 'ros'
[0.193s] Level 1:colcon.colcon_core.package_identification:_identify(src) by extensions ['cmake', 'python']
[0.193s] Level 1:colcon.colcon_core.package_identification:_identify(src) by extension 'cmake'
[0.193s] Level 1:colcon.colcon_core.package_identification:_identify(src) by extension 'python'
[0.193s] Level 1:colcon.colcon_core.package_identification:_identify(src) by extensions ['python_setup_py']
[0.193s] Level 1:colcon.colcon_core.package_identification:_identify(src) by extension 'python_setup_py'
[0.194s] Level 1:colcon.colcon_core.package_identification:_identify(src/node_bridge_ros2) by extensions ['ignore', 'ignore_ament_install']
[0.194s] Level 1:colcon.colcon_core.package_identification:_identify(src/node_bridge_ros2) by extension 'ignore'
[0.194s] Level 1:colcon.colcon_core.package_identification:_identify(src/node_bridge_ros2) by extension 'ignore_ament_install'
[0.194s] Level 1:colcon.colcon_core.package_identification:_identify(src/node_bridge_ros2) by extensions ['colcon_pkg']
[0.194s] Level 1:colcon.colcon_core.package_identification:_identify(src/node_bridge_ros2) by extension 'colcon_pkg'
[0.194s] Level 1:colcon.colcon_core.package_identification:_identify(src/node_bridge_ros2) by extensions ['colcon_meta']
[0.194s] Level 1:colcon.colcon_core.package_identification:_identify(src/node_bridge_ros2) by extension 'colcon_meta'
[0.194s] Level 1:colcon.colcon_core.package_identification:_identify(src/node_bridge_ros2) by extensions ['ros']
[0.194s] Level 1:colcon.colcon_core.package_identification:_identify(src/node_bridge_ros2) by extension 'ros'
[0.195s] DEBUG:colcon.colcon_core.package_identification:Package 'src/node_bridge_ros2' with type 'ros.ament_python' and name 'node_bridge_ros2'
[0.195s] Level 1:colcon.colcon_core.package_identification:_identify(src/node_interface) by extensions ['ignore', 'ignore_ament_install']
[0.196s] Level 1:colcon.colcon_core.package_identification:_identify(src/node_interface) by extension 'ignore'
[0.196s] Level 1:colcon.colcon_core.package_identification:_identify(src/node_interface) by extension 'ignore_ament_install'
[0.196s] Level 1:colcon.colcon_core.package_identification:_identify(src/node_interface) by extensions ['colcon_pkg']
[0.196s] Level 1:colcon.colcon_core.package_identification:_identify(src/node_interface) by extension 'colcon_pkg'
[0.196s] Level 1:colcon.colcon_core.package_identification:_identify(src/node_interface) by extensions ['colcon_meta']
[0.196s] Level 1:colcon.colcon_core.package_identification:_identify(src/node_interface) by extension 'colcon_meta'
[0.196s] Level 1:colcon.colcon_core.package_identification:_identify(src/node_interface) by extensions ['ros']
[0.196s] Level 1:colcon.colcon_core.package_identification:_identify(src/node_interface) by extension 'ros'
[0.196s] DEBUG:colcon.colcon_core.package_identification:Package 'src/node_interface' with type 'ros.ament_cmake' and name 'node_interface'
[0.196s] Level 1:colcon.colcon_core.package_discovery:discover_packages(recursive) using defaults
[0.196s] Level 1:colcon.colcon_core.package_discovery:discover_packages(ignore) discover
[0.196s] Level 1:colcon.colcon_core.package_discovery:discover_packages(ignore) using defaults
[0.196s] Level 1:colcon.colcon_core.package_discovery:discover_packages(path) discover
[0.196s] Level 1:colcon.colcon_core.package_discovery:discover_packages(path) using defaults
[0.209s] Level 1:colcon.colcon_core.package_discovery:discover_packages(prefix_path) check parameters
[0.209s] Level 1:colcon.colcon_core.package_discovery:discover_packages(prefix_path) discover
[0.210s] WARNING:colcon.colcon_ros.prefix_path.ament:The path '/home/amwhisper/ros/workspace/nbr2_ws/install/node_bridge_ros2' in the environment variable AMENT_PREFIX_PATH doesn't exist
[0.210s] WARNING:colcon.colcon_ros.prefix_path.ament:The path '/home/amwhisper/ros/workspace/nbr2_ws/install/node_interface' in the environment variable AMENT_PREFIX_PATH doesn't exist
[0.210s] WARNING:colcon.colcon_ros.prefix_path.catkin:The path '/home/amwhisper/ros/workspace/nbr2_ws/install/node_interface' in the environment variable CMAKE_PREFIX_PATH doesn't exist
[0.210s] DEBUG:colcon.colcon_installed_package_information.package_discovery:Found 0 installed packages in /home/amwhisper/ros/workspace/nbr2_ws/install
[0.211s] DEBUG:colcon.colcon_installed_package_information.package_discovery:Found 270 installed packages in /opt/ros/humble
[0.212s] Level 1:colcon.colcon_core.package_discovery:discover_packages(prefix_path) using defaults
[0.244s] Level 5:colcon.colcon_core.verb:set package 'node_bridge_ros2' build argument 'cmake_args' from command line to 'None'
[0.244s] Level 5:colcon.colcon_core.verb:set package 'node_bridge_ros2' build argument 'cmake_target' from command line to 'None'
[0.244s] Level 5:colcon.colcon_core.verb:set package 'node_bridge_ros2' build argument 'cmake_target_skip_unavailable' from command line to 'False'
[0.244s] Level 5:colcon.colcon_core.verb:set package 'node_bridge_ros2' build argument 'cmake_clean_cache' from command line to 'False'
[0.244s] Level 5:colcon.colcon_core.verb:set package 'node_bridge_ros2' build argument 'cmake_clean_first' from command line to 'False'
[0.244s] Level 5:colcon.colcon_core.verb:set package 'node_bridge_ros2' build argument 'cmake_force_configure' from command line to 'False'
[0.244s] Level 5:colcon.colcon_core.verb:set package 'node_bridge_ros2' build argument 'ament_cmake_args' from command line to 'None'
[0.244s] Level 5:colcon.colcon_core.verb:set package 'node_bridge_ros2' build argument 'catkin_cmake_args' from command line to 'None'
[0.244s] Level 5:colcon.colcon_core.verb:set package 'node_bridge_ros2' build argument 'catkin_skip_building_tests' from command line to 'False'
[0.244s] DEBUG:colcon.colcon_core.verb:Building package 'node_bridge_ros2' with the following arguments: {'ament_cmake_args': None, 'build_base': '/home/amwhisper/ros/workspace/nbr2_ws/build/node_bridge_ros2', 'catkin_cmake_args': None, 'catkin_skip_building_tests': False, 'cmake_args': None, 'cmake_clean_cache': False, 'cmake_clean_first': False, 'cmake_force_configure': False, 'cmake_target': None, 'cmake_target_skip_unavailable': False, 'install_base': '/home/amwhisper/ros/workspace/nbr2_ws/install/node_bridge_ros2', 'merge_install': False, 'path': '/home/amwhisper/ros/workspace/nbr2_ws/src/node_bridge_ros2', 'symlink_install': False, 'test_result_base': None}
[0.245s] Level 5:colcon.colcon_core.verb:set package 'node_interface' build argument 'cmake_args' from command line to 'None'
[0.245s] Level 5:colcon.colcon_core.verb:set package 'node_interface' build argument 'cmake_target' from command line to 'None'
[0.245s] Level 5:colcon.colcon_core.verb:set package 'node_interface' build argument 'cmake_target_skip_unavailable' from command line to 'False'
[0.245s] Level 5:colcon.colcon_core.verb:set package 'node_interface' build argument 'cmake_clean_cache' from command line to 'False'
[0.245s] Level 5:colcon.colcon_core.verb:set package 'node_interface' build argument 'cmake_clean_first' from command line to 'False'
[0.245s] Level 5:colcon.colcon_core.verb:set package 'node_interface' build argument 'cmake_force_configure' from command line to 'False'
[0.245s] Level 5:colcon.colcon_core.verb:set package 'node_interface' build argument 'ament_cmake_args' from command line to 'None'
[0.245s] Level 5:colcon.colcon_core.verb:set package 'node_interface' build argument 'catkin_cmake_args' from command line to 'None'
[0.245s] Level 5:colcon.colcon_core.verb:set package 'node_interface' build argument 'catkin_skip_building_tests' from command line to 'False'
[0.245s] DEBUG:colcon.colcon_core.verb:Building package 'node_interface' with the following arguments: {'ament_cmake_args': None, 'build_base': '/home/amwhisper/ros/workspace/nbr2_ws/build/node_interface', 'catkin_cmake_args': None, 'catkin_skip_building_tests': False, 'cmake_args': None, 'cmake_clean_cache': False, 'cmake_clean_first': False, 'cmake_force_configure': False, 'cmake_target': None, 'cmake_target_skip_unavailable': False, 'install_base': '/home/amwhisper/ros/workspace/nbr2_ws/install/node_interface', 'merge_install': False, 'path': '/home/amwhisper/ros/workspace/nbr2_ws/src/node_interface', 'symlink_install': False, 'test_result_base': None}
[0.245s] INFO:colcon.colcon_core.executor:Executing jobs using 'parallel' executor
[0.246s] DEBUG:colcon.colcon_parallel_executor.executor.parallel:run_until_complete
[0.246s] INFO:colcon.colcon_ros.task.ament_python.build:Building ROS package in '/home/amwhisper/ros/workspace/nbr2_ws/src/node_bridge_ros2' with build type 'ament_python'
[0.246s] Level 1:colcon.colcon_core.shell:create_environment_hook('node_bridge_ros2', 'ament_prefix_path')
[0.248s] INFO:colcon.colcon_core.plugin_system:Skipping extension 'colcon_core.shell.bat': Not used on non-Windows systems
[0.248s] INFO:colcon.colcon_core.shell:Creating environment hook '/home/amwhisper/ros/workspace/nbr2_ws/install/node_bridge_ros2/share/node_bridge_ros2/hook/ament_prefix_path.ps1'
[0.249s] INFO:colcon.colcon_core.shell:Creating environment descriptor '/home/amwhisper/ros/workspace/nbr2_ws/install/node_bridge_ros2/share/node_bridge_ros2/hook/ament_prefix_path.dsv'
[0.249s] INFO:colcon.colcon_core.shell:Creating environment hook '/home/amwhisper/ros/workspace/nbr2_ws/install/node_bridge_ros2/share/node_bridge_ros2/hook/ament_prefix_path.sh'
[0.249s] INFO:colcon.colcon_core.shell:Skip shell extension 'powershell' for command environment: Not usable outside of PowerShell
[0.249s] DEBUG:colcon.colcon_core.shell:Skip shell extension 'dsv' for command environment
[0.253s] INFO:colcon.colcon_ros.task.ament_cmake.build:Building ROS package in '/home/amwhisper/ros/workspace/nbr2_ws/src/node_interface' with build type 'ament_cmake'
[0.254s] INFO:colcon.colcon_cmake.task.cmake.build:Building CMake package in '/home/amwhisper/ros/workspace/nbr2_ws/src/node_interface'
[0.254s] INFO:colcon.colcon_core.shell:Skip shell extension 'powershell' for command environment: Not usable outside of PowerShell
[0.254s] DEBUG:colcon.colcon_core.shell:Skip shell extension 'dsv' for command environment
[0.444s] INFO:colcon.colcon_core.task.python.build:Building Python package in '/home/amwhisper/ros/workspace/nbr2_ws/src/node_bridge_ros2'
[0.444s] INFO:colcon.colcon_core.shell:Skip shell extension 'powershell' for command environment: Not usable outside of PowerShell
[0.444s] DEBUG:colcon.colcon_core.shell:Skip shell extension 'dsv' for command environment
[0.450s] DEBUG:colcon.colcon_core.event_handler.log_command:Invoking command in '/home/amwhisper/ros/workspace/nbr2_ws/build/node_interface': CMAKE_PREFIX_PATH=${CMAKE_PREFIX_PATH}:/home/amwhisper/ros/workspace/nbr2_ws/install/node_bridge_ros2:/opt/ros/humble /usr/bin/cmake /home/amwhisper/ros/workspace/nbr2_ws/src/node_interface -DCMAKE_INSTALL_PREFIX=/home/amwhisper/ros/workspace/nbr2_ws/install/node_interface
[0.676s] DEBUG:colcon.colcon_core.event_handler.log_command:Invoking command in '/home/amwhisper/ros/workspace/nbr2_ws/src/node_bridge_ros2': PYTHONPATH=/home/amwhisper/ros/workspace/nbr2_ws/build/node_bridge_ros2/prefix_override:/home/amwhisper/ros/workspace/nbr2_ws/install/node_bridge_ros2/lib/python3.10/site-packages:${PYTHONPATH} /usr/bin/python3 -W ignore:setup.py install is deprecated setup.py egg_info --egg-base ../../build/node_bridge_ros2 build --build-base /home/amwhisper/ros/workspace/nbr2_ws/build/node_bridge_ros2/build install --record /home/amwhisper/ros/workspace/nbr2_ws/build/node_bridge_ros2/install.log --single-version-externally-managed install_data
[0.885s] DEBUG:colcon.colcon_core.event_handler.log_command:Invoked command in '/home/amwhisper/ros/workspace/nbr2_ws/src/node_bridge_ros2' returned '0': PYTHONPATH=/home/amwhisper/ros/workspace/nbr2_ws/build/node_bridge_ros2/prefix_override:/home/amwhisper/ros/workspace/nbr2_ws/install/node_bridge_ros2/lib/python3.10/site-packages:${PYTHONPATH} /usr/bin/python3 -W ignore:setup.py install is deprecated setup.py egg_info --egg-base ../../build/node_bridge_ros2 build --build-base /home/amwhisper/ros/workspace/nbr2_ws/build/node_bridge_ros2/build install --record /home/amwhisper/ros/workspace/nbr2_ws/build/node_bridge_ros2/install.log --single-version-externally-managed install_data
[0.888s] Level 1:colcon.colcon_core.environment:checking '/home/amwhisper/ros/workspace/nbr2_ws/install/node_bridge_ros2' for CMake module files
[0.888s] Level 1:colcon.colcon_core.environment:checking '/home/amwhisper/ros/workspace/nbr2_ws/install/node_bridge_ros2' for CMake config files
[0.889s] Level 1:colcon.colcon_core.environment:checking '/home/amwhisper/ros/workspace/nbr2_ws/install/node_bridge_ros2/lib'
[0.889s] Level 1:colcon.colcon_core.environment:checking '/home/amwhisper/ros/workspace/nbr2_ws/install/node_bridge_ros2/bin'
[0.889s] Level 1:colcon.colcon_core.environment:checking '/home/amwhisper/ros/workspace/nbr2_ws/install/node_bridge_ros2/lib/pkgconfig/node_bridge_ros2.pc'
[0.889s] Level 1:colcon.colcon_core.environment:checking '/home/amwhisper/ros/workspace/nbr2_ws/install/node_bridge_ros2/lib/python3.10/site-packages'
[0.889s] Level 1:colcon.colcon_core.shell:create_environment_hook('node_bridge_ros2', 'pythonpath')
[0.889s] INFO:colcon.colcon_core.shell:Creating environment hook '/home/amwhisper/ros/workspace/nbr2_ws/install/node_bridge_ros2/share/node_bridge_ros2/hook/pythonpath.ps1'
[0.890s] INFO:colcon.colcon_core.shell:Creating environment descriptor '/home/amwhisper/ros/workspace/nbr2_ws/install/node_bridge_ros2/share/node_bridge_ros2/hook/pythonpath.dsv'
[0.890s] INFO:colcon.colcon_core.shell:Creating environment hook '/home/amwhisper/ros/workspace/nbr2_ws/install/node_bridge_ros2/share/node_bridge_ros2/hook/pythonpath.sh'
[0.890s] Level 1:colcon.colcon_core.environment:checking '/home/amwhisper/ros/workspace/nbr2_ws/install/node_bridge_ros2/bin'
[0.890s] Level 1:colcon.colcon_core.environment:create_environment_scripts_only(node_bridge_ros2)
[0.890s] INFO:colcon.colcon_core.shell:Creating package script '/home/amwhisper/ros/workspace/nbr2_ws/install/node_bridge_ros2/share/node_bridge_ros2/package.ps1'
[0.891s] INFO:colcon.colcon_core.shell:Creating package descriptor '/home/amwhisper/ros/workspace/nbr2_ws/install/node_bridge_ros2/share/node_bridge_ros2/package.dsv'
[0.891s] INFO:colcon.colcon_core.shell:Creating package script '/home/amwhisper/ros/workspace/nbr2_ws/install/node_bridge_ros2/share/node_bridge_ros2/package.sh'
[0.892s] INFO:colcon.colcon_core.shell:Creating package script '/home/amwhisper/ros/workspace/nbr2_ws/install/node_bridge_ros2/share/node_bridge_ros2/package.bash'
[0.892s] INFO:colcon.colcon_core.shell:Creating package script '/home/amwhisper/ros/workspace/nbr2_ws/install/node_bridge_ros2/share/node_bridge_ros2/package.zsh'
[0.892s] Level 1:colcon.colcon_core.environment:create_file_with_runtime_dependencies(/home/amwhisper/ros/workspace/nbr2_ws/install/node_bridge_ros2/share/colcon-core/packages/node_bridge_ros2)
[2.137s] DEBUG:colcon.colcon_core.event_handler.log_command:Invoked command in '/home/amwhisper/ros/workspace/nbr2_ws/build/node_interface' returned '0': CMAKE_PREFIX_PATH=${CMAKE_PREFIX_PATH}:/home/amwhisper/ros/workspace/nbr2_ws/install/node_bridge_ros2:/opt/ros/humble /usr/bin/cmake /home/amwhisper/ros/workspace/nbr2_ws/src/node_interface -DCMAKE_INSTALL_PREFIX=/home/amwhisper/ros/workspace/nbr2_ws/install/node_interface
[2.138s] DEBUG:colcon.colcon_core.event_handler.log_command:Invoking command in '/home/amwhisper/ros/workspace/nbr2_ws/build/node_interface': CMAKE_PREFIX_PATH=${CMAKE_PREFIX_PATH}:/home/amwhisper/ros/workspace/nbr2_ws/install/node_bridge_ros2:/opt/ros/humble /usr/bin/cmake --build /home/amwhisper/ros/workspace/nbr2_ws/build/node_interface -- -j6 -l6
[34.162s] DEBUG:colcon.colcon_core.event_handler.log_command:Invoked command in '/home/amwhisper/ros/workspace/nbr2_ws/build/node_interface' returned '0': CMAKE_PREFIX_PATH=${CMAKE_PREFIX_PATH}:/home/amwhisper/ros/workspace/nbr2_ws/install/node_bridge_ros2:/opt/ros/humble /usr/bin/cmake --build /home/amwhisper/ros/workspace/nbr2_ws/build/node_interface -- -j6 -l6
[37.046s] DEBUG:colcon.colcon_core.event_handler.log_command:Invoking command in '/home/amwhisper/ros/workspace/nbr2_ws/build/node_interface': CMAKE_PREFIX_PATH=${CMAKE_PREFIX_PATH}:/home/amwhisper/ros/workspace/nbr2_ws/install/node_bridge_ros2:/opt/ros/humble /usr/bin/cmake --install /home/amwhisper/ros/workspace/nbr2_ws/build/node_interface
[37.390s] Level 1:colcon.colcon_core.environment:create_environment_scripts_only(node_interface)
[37.391s] DEBUG:colcon.colcon_core.event_handler.log_command:Invoked command in '/home/amwhisper/ros/workspace/nbr2_ws/build/node_interface' returned '0': CMAKE_PREFIX_PATH=${CMAKE_PREFIX_PATH}:/home/amwhisper/ros/workspace/nbr2_ws/install/node_bridge_ros2:/opt/ros/humble /usr/bin/cmake --install /home/amwhisper/ros/workspace/nbr2_ws/build/node_interface
[37.391s] Level 1:colcon.colcon_core.environment:checking '/home/amwhisper/ros/workspace/nbr2_ws/install/node_interface' for CMake module files
[37.391s] Level 1:colcon.colcon_core.environment:checking '/home/amwhisper/ros/workspace/nbr2_ws/install/node_interface' for CMake config files
[37.392s] Level 1:colcon.colcon_core.shell:create_environment_hook('node_interface', 'cmake_prefix_path')
[37.392s] INFO:colcon.colcon_core.shell:Creating environment hook '/home/amwhisper/ros/workspace/nbr2_ws/install/node_interface/share/node_interface/hook/cmake_prefix_path.ps1'
[37.393s] INFO:colcon.colcon_core.shell:Creating environment descriptor '/home/amwhisper/ros/workspace/nbr2_ws/install/node_interface/share/node_interface/hook/cmake_prefix_path.dsv'
[37.393s] INFO:colcon.colcon_core.shell:Creating environment hook '/home/amwhisper/ros/workspace/nbr2_ws/install/node_interface/share/node_interface/hook/cmake_prefix_path.sh'
[37.393s] Level 1:colcon.colcon_core.environment:checking '/home/amwhisper/ros/workspace/nbr2_ws/install/node_interface/lib'
[37.393s] Level 1:colcon.colcon_core.shell:create_environment_hook('node_interface', 'ld_library_path_lib')
[37.393s] INFO:colcon.colcon_core.shell:Creating environment hook '/home/amwhisper/ros/workspace/nbr2_ws/install/node_interface/share/node_interface/hook/ld_library_path_lib.ps1'
[37.394s] INFO:colcon.colcon_core.shell:Creating environment descriptor '/home/amwhisper/ros/workspace/nbr2_ws/install/node_interface/share/node_interface/hook/ld_library_path_lib.dsv'
[37.394s] INFO:colcon.colcon_core.shell:Creating environment hook '/home/amwhisper/ros/workspace/nbr2_ws/install/node_interface/share/node_interface/hook/ld_library_path_lib.sh'
[37.394s] Level 1:colcon.colcon_core.environment:checking '/home/amwhisper/ros/workspace/nbr2_ws/install/node_interface/bin'
[37.394s] Level 1:colcon.colcon_core.environment:checking '/home/amwhisper/ros/workspace/nbr2_ws/install/node_interface/lib/pkgconfig/node_interface.pc'
[37.394s] Level 1:colcon.colcon_core.environment:checking '/home/amwhisper/ros/workspace/nbr2_ws/install/node_interface/lib/python3.10/site-packages'
[37.394s] Level 1:colcon.colcon_core.environment:checking '/home/amwhisper/ros/workspace/nbr2_ws/install/node_interface/bin'
[37.394s] INFO:colcon.colcon_core.shell:Creating package script '/home/amwhisper/ros/workspace/nbr2_ws/install/node_interface/share/node_interface/package.ps1'
[37.395s] INFO:colcon.colcon_core.shell:Creating package descriptor '/home/amwhisper/ros/workspace/nbr2_ws/install/node_interface/share/node_interface/package.dsv'
[37.395s] INFO:colcon.colcon_core.shell:Creating package script '/home/amwhisper/ros/workspace/nbr2_ws/install/node_interface/share/node_interface/package.sh'
[37.396s] INFO:colcon.colcon_core.shell:Creating package script '/home/amwhisper/ros/workspace/nbr2_ws/install/node_interface/share/node_interface/package.bash'
[37.396s] INFO:colcon.colcon_core.shell:Creating package script '/home/amwhisper/ros/workspace/nbr2_ws/install/node_interface/share/node_interface/package.zsh'
[37.396s] Level 1:colcon.colcon_core.environment:create_file_with_runtime_dependencies(/home/amwhisper/ros/workspace/nbr2_ws/install/node_interface/share/colcon-core/packages/node_interface)
[40.346s] Level 1:colcon.colcon_core.environment:create_environment_scripts_only(node_interface)
[40.346s] Level 1:colcon.colcon_core.environment:checking '/home/amwhisper/ros/workspace/nbr2_ws/install/node_interface' for CMake module files
[40.347s] Level 1:colcon.colcon_core.environment:checking '/home/amwhisper/ros/workspace/nbr2_ws/install/node_interface' for CMake config files
[40.348s] Level 1:colcon.colcon_core.shell:create_environment_hook('node_interface', 'cmake_prefix_path')
[40.348s] INFO:colcon.colcon_core.shell:Creating environment hook '/home/amwhisper/ros/workspace/nbr2_ws/install/node_interface/share/node_interface/hook/cmake_prefix_path.ps1'
[40.348s] INFO:colcon.colcon_core.shell:Creating environment descriptor '/home/amwhisper/ros/workspace/nbr2_ws/install/node_interface/share/node_interface/hook/cmake_prefix_path.dsv'
[40.349s] INFO:colcon.colcon_core.shell:Creating environment hook '/home/amwhisper/ros/workspace/nbr2_ws/install/node_interface/share/node_interface/hook/cmake_prefix_path.sh'
[40.349s] Level 1:colcon.colcon_core.environment:checking '/home/amwhisper/ros/workspace/nbr2_ws/install/node_interface/lib'
[40.349s] Level 1:colcon.colcon_core.shell:create_environment_hook('node_interface', 'ld_library_path_lib')
[40.349s] INFO:colcon.colcon_core.shell:Creating environment hook '/home/amwhisper/ros/workspace/nbr2_ws/install/node_interface/share/node_interface/hook/ld_library_path_lib.ps1'
[40.349s] INFO:colcon.colcon_core.shell:Creating environment descriptor '/home/amwhisper/ros/workspace/nbr2_ws/install/node_interface/share/node_interface/hook/ld_library_path_lib.dsv'
[40.350s] INFO:colcon.colcon_core.shell:Creating environment hook '/home/amwhisper/ros/workspace/nbr2_ws/install/node_interface/share/node_interface/hook/ld_library_path_lib.sh'
[40.350s] Level 1:colcon.colcon_core.environment:checking '/home/amwhisper/ros/workspace/nbr2_ws/install/node_interface/bin'
[40.350s] Level 1:colcon.colcon_core.environment:checking '/home/amwhisper/ros/workspace/nbr2_ws/install/node_interface/lib/pkgconfig/node_interface.pc'
[40.350s] Level 1:colcon.colcon_core.environment:checking '/home/amwhisper/ros/workspace/nbr2_ws/install/node_interface/lib/python3.10/site-packages'
[40.350s] Level 1:colcon.colcon_core.environment:checking '/home/amwhisper/ros/workspace/nbr2_ws/install/node_interface/bin'
[40.351s] INFO:colcon.colcon_core.shell:Creating package script '/home/amwhisper/ros/workspace/nbr2_ws/install/node_interface/share/node_interface/package.ps1'
[40.351s] INFO:colcon.colcon_core.shell:Creating package descriptor '/home/amwhisper/ros/workspace/nbr2_ws/install/node_interface/share/node_interface/package.dsv'
[40.351s] INFO:colcon.colcon_core.shell:Creating package script '/home/amwhisper/ros/workspace/nbr2_ws/install/node_interface/share/node_interface/package.sh'
[40.352s] INFO:colcon.colcon_core.shell:Creating package script '/home/amwhisper/ros/workspace/nbr2_ws/install/node_interface/share/node_interface/package.bash'
[40.352s] INFO:colcon.colcon_core.shell:Creating package script '/home/amwhisper/ros/workspace/nbr2_ws/install/node_interface/share/node_interface/package.zsh'
[40.352s] Level 1:colcon.colcon_core.environment:create_file_with_runtime_dependencies(/home/amwhisper/ros/workspace/nbr2_ws/install/node_interface/share/colcon-core/packages/node_interface)
[40.353s] DEBUG:colcon.colcon_parallel_executor.executor.parallel:closing loop
[40.353s] DEBUG:colcon.colcon_parallel_executor.executor.parallel:loop closed
[40.353s] DEBUG:colcon.colcon_parallel_executor.executor.parallel:run_until_complete finished with '0'
[40.353s] DEBUG:colcon.colcon_core.event_reactor:joining thread
[40.357s] INFO:colcon.colcon_core.plugin_system:Skipping extension 'colcon_notification.desktop_notification.terminal_notifier': Not used on non-Darwin systems
[40.357s] INFO:colcon.colcon_core.plugin_system:Skipping extension 'colcon_notification.desktop_notification.win32': Not used on non-Windows systems
[40.357s] INFO:colcon.colcon_notification.desktop_notification:Sending desktop notification using 'notify2'
[40.368s] DEBUG:colcon.colcon_core.event_reactor:joined thread
[40.368s] INFO:colcon.colcon_core.shell:Creating prefix script '/home/amwhisper/ros/workspace/nbr2_ws/install/local_setup.ps1'
[40.369s] INFO:colcon.colcon_core.shell:Creating prefix util module '/home/amwhisper/ros/workspace/nbr2_ws/install/_local_setup_util_ps1.py'
[40.369s] INFO:colcon.colcon_core.shell:Creating prefix chain script '/home/amwhisper/ros/workspace/nbr2_ws/install/setup.ps1'
[40.370s] INFO:colcon.colcon_core.shell:Creating prefix script '/home/amwhisper/ros/workspace/nbr2_ws/install/local_setup.sh'
[40.372s] INFO:colcon.colcon_core.shell:Creating prefix util module '/home/amwhisper/ros/workspace/nbr2_ws/install/_local_setup_util_sh.py'
[40.372s] INFO:colcon.colcon_core.shell:Creating prefix chain script '/home/amwhisper/ros/workspace/nbr2_ws/install/setup.sh'
[40.374s] INFO:colcon.colcon_core.shell:Creating prefix script '/home/amwhisper/ros/workspace/nbr2_ws/install/local_setup.bash'
[40.374s] INFO:colcon.colcon_core.shell:Creating prefix chain script '/home/amwhisper/ros/workspace/nbr2_ws/install/setup.bash'
[40.375s] INFO:colcon.colcon_core.shell:Creating prefix script '/home/amwhisper/ros/workspace/nbr2_ws/install/local_setup.zsh'
[40.375s] INFO:colcon.colcon_core.shell:Creating prefix chain script '/home/amwhisper/ros/workspace/nbr2_ws/install/setup.zsh'
