[0.442s] Invoking command in '/home/amwhisper/ros/workspace/nbr2_ws/src/autoaim': PYTHONPATH=/home/amwhisper/ros/workspace/nbr2_ws/build/autoaim/prefix_override:/home/amwhisper/ros/workspace/nbr2_ws/install/autoaim/lib/python3.10/site-packages:${PYTHONPATH} /usr/bin/python3 -W ignore:setup.py install is deprecated setup.py egg_info --egg-base ../../build/autoaim build --build-base /home/amwhisper/ros/workspace/nbr2_ws/build/autoaim/build install --record /home/amwhisper/ros/workspace/nbr2_ws/build/autoaim/install.log --single-version-externally-managed install_data
[0.604s] running egg_info
[0.605s] writing ../../build/autoaim/autoaim.egg-info/PKG-INFO
[0.605s] writing dependency_links to ../../build/autoaim/autoaim.egg-info/dependency_links.txt
[0.605s] writing entry points to ../../build/autoaim/autoaim.egg-info/entry_points.txt
[0.606s] writing requirements to ../../build/autoaim/autoaim.egg-info/requires.txt
[0.606s] writing top-level names to ../../build/autoaim/autoaim.egg-info/top_level.txt
[0.607s] reading manifest file '../../build/autoaim/autoaim.egg-info/SOURCES.txt'
[0.608s] writing manifest file '../../build/autoaim/autoaim.egg-info/SOURCES.txt'
[0.608s] running build
[0.609s] running build_py
[0.609s] copying autoaim/toolbox.py -> /home/amwhisper/ros/workspace/nbr2_ws/build/autoaim/build/lib/autoaim
[0.609s] copying autoaim/predictor.py -> /home/amwhisper/ros/workspace/nbr2_ws/build/autoaim/build/lib/autoaim
[0.609s] running install
[0.610s] running install_lib
[0.610s] copying /home/amwhisper/ros/workspace/nbr2_ws/build/autoaim/build/lib/autoaim/toolbox.py -> /home/amwhisper/ros/workspace/nbr2_ws/install/autoaim/lib/python3.10/site-packages/autoaim
[0.610s] copying /home/amwhisper/ros/workspace/nbr2_ws/build/autoaim/build/lib/autoaim/predictor.py -> /home/amwhisper/ros/workspace/nbr2_ws/install/autoaim/lib/python3.10/site-packages/autoaim
[0.611s] byte-compiling /home/amwhisper/ros/workspace/nbr2_ws/install/autoaim/lib/python3.10/site-packages/autoaim/toolbox.py to toolbox.cpython-310.pyc
[0.615s] byte-compiling /home/amwhisper/ros/workspace/nbr2_ws/install/autoaim/lib/python3.10/site-packages/autoaim/predictor.py to predictor.cpython-310.pyc
[0.616s] running install_data
[0.616s] error: can't copy 'data/img0.ipg': doesn't exist or not a regular file
[0.631s] Invoked command in '/home/amwhisper/ros/workspace/nbr2_ws/src/autoaim' returned '1': PYTHONPATH=/home/amwhisper/ros/workspace/nbr2_ws/build/autoaim/prefix_override:/home/amwhisper/ros/workspace/nbr2_ws/install/autoaim/lib/python3.10/site-packages:${PYTHONPATH} /usr/bin/python3 -W ignore:setup.py install is deprecated setup.py egg_info --egg-base ../../build/autoaim build --build-base /home/amwhisper/ros/workspace/nbr2_ws/build/autoaim/build install --record /home/amwhisper/ros/workspace/nbr2_ws/build/autoaim/install.log --single-version-externally-managed install_data
