[0.132s] DEBUG:colcon:Command line arguments: ['/usr/bin/colcon', 'build', '--packages-select', 'node_bridge_ros2']
[0.132s] DEBUG:colcon:Parsed command line arguments: Namespace(log_base=None, log_level=None, verb_name='build', build_base='build', install_base='install', merge_install=False, symlink_install=False, test_result_base=None, continue_on_error=False, executor='parallel', parallel_workers=6, event_handlers=None, ignore_user_meta=False, metas=['./colcon.meta'], base_paths=['.'], packages_ignore=None, packages_ignore_regex=None, paths=None, packages_up_to=None, packages_up_to_regex=None, packages_above=None, packages_above_and_dependencies=None, packages_above_depth=None, packages_select_by_dep=None, packages_skip_by_dep=None, packages_skip_up_to=None, packages_select_build_failed=False, packages_skip_build_finished=False, packages_select_test_failures=False, packages_skip_test_passed=False, packages_select=['node_bridge_ros2'], packages_skip=None, packages_select_regex=None, packages_skip_regex=None, packages_start=None, packages_end=None, allow_overriding=[], cmake_args=None, cmake_target=None, cmake_target_skip_unavailable=False, cmake_clean_cache=False, cmake_clean_first=False, cmake_force_configure=False, ament_cmake_args=None, catkin_cmake_args=None, catkin_skip_building_tests=False, verb_parser=<colcon_defaults.argument_parser.defaults.DefaultArgumentsDecorator object at 0x7fa9d4558250>, verb_extension=<colcon_core.verb.build.BuildVerb object at 0x7fa9d4650d90>, main=<bound method BuildVerb.main of <colcon_core.verb.build.BuildVerb object at 0x7fa9d4650d90>>)
[0.356s] Level 1:colcon.colcon_core.package_discovery:discover_packages(colcon_meta) check parameters
[0.356s] Level 1:colcon.colcon_core.package_discovery:discover_packages(recursive) check parameters
[0.356s] Level 1:colcon.colcon_core.package_discovery:discover_packages(ignore) check parameters
[0.356s] Level 1:colcon.colcon_core.package_discovery:discover_packages(path) check parameters
[0.356s] Level 1:colcon.colcon_core.package_discovery:discover_packages(colcon_meta) discover
[0.356s] Level 1:colcon.colcon_core.package_discovery:discover_packages(recursive) discover
[0.356s] INFO:colcon.colcon_core.package_discovery:Crawling recursively for packages in '/home/amwhisper/ros/workspace/nbr2_ws'
[0.356s] Level 1:colcon.colcon_core.package_identification:_identify(.) by extensions ['ignore', 'ignore_ament_install']
[0.356s] Level 1:colcon.colcon_core.package_identification:_identify(.) by extension 'ignore'
[0.356s] Level 1:colcon.colcon_core.package_identification:_identify(.) by extension 'ignore_ament_install'
[0.356s] Level 1:colcon.colcon_core.package_identification:_identify(.) by extensions ['colcon_pkg']
[0.356s] Level 1:colcon.colcon_core.package_identification:_identify(.) by extension 'colcon_pkg'
[0.356s] Level 1:colcon.colcon_core.package_identification:_identify(.) by extensions ['colcon_meta']
[0.356s] Level 1:colcon.colcon_core.package_identification:_identify(.) by extension 'colcon_meta'
[0.356s] Level 1:colcon.colcon_core.package_identification:_identify(.) by extensions ['ros']
[0.356s] Level 1:colcon.colcon_core.package_identification:_identify(.) by extension 'ros'
[0.368s] Level 1:colcon.colcon_core.package_identification:_identify(.) by extensions ['cmake', 'python']
[0.368s] Level 1:colcon.colcon_core.package_identification:_identify(.) by extension 'cmake'
[0.368s] Level 1:colcon.colcon_core.package_identification:_identify(.) by extension 'python'
[0.368s] Level 1:colcon.colcon_core.package_identification:_identify(.) by extensions ['python_setup_py']
[0.368s] Level 1:colcon.colcon_core.package_identification:_identify(.) by extension 'python_setup_py'
[0.368s] Level 1:colcon.colcon_core.package_identification:_identify(app) by extensions ['ignore', 'ignore_ament_install']
[0.368s] Level 1:colcon.colcon_core.package_identification:_identify(app) by extension 'ignore'
[0.368s] Level 1:colcon.colcon_core.package_identification:_identify(app) by extension 'ignore_ament_install'
[0.368s] Level 1:colcon.colcon_core.package_identification:_identify(app) by extensions ['colcon_pkg']
[0.368s] Level 1:colcon.colcon_core.package_identification:_identify(app) by extension 'colcon_pkg'
[0.368s] Level 1:colcon.colcon_core.package_identification:_identify(app) by extensions ['colcon_meta']
[0.368s] Level 1:colcon.colcon_core.package_identification:_identify(app) by extension 'colcon_meta'
[0.368s] Level 1:colcon.colcon_core.package_identification:_identify(app) by extensions ['ros']
[0.368s] Level 1:colcon.colcon_core.package_identification:_identify(app) by extension 'ros'
[0.368s] Level 1:colcon.colcon_core.package_identification:_identify(app) by extensions ['cmake', 'python']
[0.368s] Level 1:colcon.colcon_core.package_identification:_identify(app) by extension 'cmake'
[0.368s] Level 1:colcon.colcon_core.package_identification:_identify(app) by extension 'python'
[0.369s] Level 1:colcon.colcon_core.package_identification:_identify(app) by extensions ['python_setup_py']
[0.369s] Level 1:colcon.colcon_core.package_identification:_identify(app) by extension 'python_setup_py'
[0.369s] Level 1:colcon.colcon_core.package_identification:_identify(app/__pycache__) by extensions ['ignore', 'ignore_ament_install']
[0.369s] Level 1:colcon.colcon_core.package_identification:_identify(app/__pycache__) by extension 'ignore'
[0.369s] Level 1:colcon.colcon_core.package_identification:_identify(app/__pycache__) by extension 'ignore_ament_install'
[0.369s] Level 1:colcon.colcon_core.package_identification:_identify(app/__pycache__) by extensions ['colcon_pkg']
[0.369s] Level 1:colcon.colcon_core.package_identification:_identify(app/__pycache__) by extension 'colcon_pkg'
[0.369s] Level 1:colcon.colcon_core.package_identification:_identify(app/__pycache__) by extensions ['colcon_meta']
[0.369s] Level 1:colcon.colcon_core.package_identification:_identify(app/__pycache__) by extension 'colcon_meta'
[0.369s] Level 1:colcon.colcon_core.package_identification:_identify(app/__pycache__) by extensions ['ros']
[0.369s] Level 1:colcon.colcon_core.package_identification:_identify(app/__pycache__) by extension 'ros'
[0.369s] Level 1:colcon.colcon_core.package_identification:_identify(app/__pycache__) by extensions ['cmake', 'python']
[0.369s] Level 1:colcon.colcon_core.package_identification:_identify(app/__pycache__) by extension 'cmake'
[0.369s] Level 1:colcon.colcon_core.package_identification:_identify(app/__pycache__) by extension 'python'
[0.369s] Level 1:colcon.colcon_core.package_identification:_identify(app/__pycache__) by extensions ['python_setup_py']
[0.369s] Level 1:colcon.colcon_core.package_identification:_identify(app/__pycache__) by extension 'python_setup_py'
[0.369s] Level 1:colcon.colcon_core.package_identification:_identify(build) by extensions ['ignore', 'ignore_ament_install']
[0.369s] Level 1:colcon.colcon_core.package_identification:_identify(build) by extension 'ignore'
[0.369s] Level 1:colcon.colcon_core.package_identification:_identify(build) ignored
[0.369s] Level 1:colcon.colcon_core.package_identification:_identify(install) by extensions ['ignore', 'ignore_ament_install']
[0.370s] Level 1:colcon.colcon_core.package_identification:_identify(install) by extension 'ignore'
[0.370s] Level 1:colcon.colcon_core.package_identification:_identify(install) ignored
[0.370s] Level 1:colcon.colcon_core.package_identification:_identify(library) by extensions ['ignore', 'ignore_ament_install']
[0.370s] Level 1:colcon.colcon_core.package_identification:_identify(library) by extension 'ignore'
[0.370s] Level 1:colcon.colcon_core.package_identification:_identify(library) by extension 'ignore_ament_install'
[0.370s] Level 1:colcon.colcon_core.package_identification:_identify(library) by extensions ['colcon_pkg']
[0.370s] Level 1:colcon.colcon_core.package_identification:_identify(library) by extension 'colcon_pkg'
[0.370s] Level 1:colcon.colcon_core.package_identification:_identify(library) by extensions ['colcon_meta']
[0.370s] Level 1:colcon.colcon_core.package_identification:_identify(library) by extension 'colcon_meta'
[0.370s] Level 1:colcon.colcon_core.package_identification:_identify(library) by extensions ['ros']
[0.370s] Level 1:colcon.colcon_core.package_identification:_identify(library) by extension 'ros'
[0.370s] Level 1:colcon.colcon_core.package_identification:_identify(library) by extensions ['cmake', 'python']
[0.370s] Level 1:colcon.colcon_core.package_identification:_identify(library) by extension 'cmake'
[0.370s] Level 1:colcon.colcon_core.package_identification:_identify(library) by extension 'python'
[0.370s] Level 1:colcon.colcon_core.package_identification:_identify(library) by extensions ['python_setup_py']
[0.370s] Level 1:colcon.colcon_core.package_identification:_identify(library) by extension 'python_setup_py'
[0.370s] Level 1:colcon.colcon_core.package_identification:_identify(log) by extensions ['ignore', 'ignore_ament_install']
[0.370s] Level 1:colcon.colcon_core.package_identification:_identify(log) by extension 'ignore'
[0.370s] Level 1:colcon.colcon_core.package_identification:_identify(log) ignored
[0.371s] Level 1:colcon.colcon_core.package_identification:_identify(src) by extensions ['ignore', 'ignore_ament_install']
[0.371s] Level 1:colcon.colcon_core.package_identification:_identify(src) by extension 'ignore'
[0.371s] Level 1:colcon.colcon_core.package_identification:_identify(src) by extension 'ignore_ament_install'
[0.371s] Level 1:colcon.colcon_core.package_identification:_identify(src) by extensions ['colcon_pkg']
[0.371s] Level 1:colcon.colcon_core.package_identification:_identify(src) by extension 'colcon_pkg'
[0.371s] Level 1:colcon.colcon_core.package_identification:_identify(src) by extensions ['colcon_meta']
[0.371s] Level 1:colcon.colcon_core.package_identification:_identify(src) by extension 'colcon_meta'
[0.371s] Level 1:colcon.colcon_core.package_identification:_identify(src) by extensions ['ros']
[0.371s] Level 1:colcon.colcon_core.package_identification:_identify(src) by extension 'ros'
[0.371s] Level 1:colcon.colcon_core.package_identification:_identify(src) by extensions ['cmake', 'python']
[0.371s] Level 1:colcon.colcon_core.package_identification:_identify(src) by extension 'cmake'
[0.371s] Level 1:colcon.colcon_core.package_identification:_identify(src) by extension 'python'
[0.371s] Level 1:colcon.colcon_core.package_identification:_identify(src) by extensions ['python_setup_py']
[0.371s] Level 1:colcon.colcon_core.package_identification:_identify(src) by extension 'python_setup_py'
[0.371s] Level 1:colcon.colcon_core.package_identification:_identify(src/autoaim) by extensions ['ignore', 'ignore_ament_install']
[0.371s] Level 1:colcon.colcon_core.package_identification:_identify(src/autoaim) by extension 'ignore'
[0.371s] Level 1:colcon.colcon_core.package_identification:_identify(src/autoaim) by extension 'ignore_ament_install'
[0.371s] Level 1:colcon.colcon_core.package_identification:_identify(src/autoaim) by extensions ['colcon_pkg']
[0.371s] Level 1:colcon.colcon_core.package_identification:_identify(src/autoaim) by extension 'colcon_pkg'
[0.371s] Level 1:colcon.colcon_core.package_identification:_identify(src/autoaim) by extensions ['colcon_meta']
[0.371s] Level 1:colcon.colcon_core.package_identification:_identify(src/autoaim) by extension 'colcon_meta'
[0.371s] Level 1:colcon.colcon_core.package_identification:_identify(src/autoaim) by extensions ['ros']
[0.371s] Level 1:colcon.colcon_core.package_identification:_identify(src/autoaim) by extension 'ros'
[0.374s] DEBUG:colcon.colcon_core.package_identification:Package 'src/autoaim' with type 'ros.ament_python' and name 'autoaim'
[0.374s] Level 1:colcon.colcon_core.package_identification:_identify(src/node_bridge_ros2) by extensions ['ignore', 'ignore_ament_install']
[0.375s] Level 1:colcon.colcon_core.package_identification:_identify(src/node_bridge_ros2) by extension 'ignore'
[0.375s] Level 1:colcon.colcon_core.package_identification:_identify(src/node_bridge_ros2) by extension 'ignore_ament_install'
[0.375s] Level 1:colcon.colcon_core.package_identification:_identify(src/node_bridge_ros2) by extensions ['colcon_pkg']
[0.375s] Level 1:colcon.colcon_core.package_identification:_identify(src/node_bridge_ros2) by extension 'colcon_pkg'
[0.375s] Level 1:colcon.colcon_core.package_identification:_identify(src/node_bridge_ros2) by extensions ['colcon_meta']
[0.375s] Level 1:colcon.colcon_core.package_identification:_identify(src/node_bridge_ros2) by extension 'colcon_meta'
[0.375s] Level 1:colcon.colcon_core.package_identification:_identify(src/node_bridge_ros2) by extensions ['ros']
[0.375s] Level 1:colcon.colcon_core.package_identification:_identify(src/node_bridge_ros2) by extension 'ros'
[0.375s] DEBUG:colcon.colcon_core.package_identification:Package 'src/node_bridge_ros2' with type 'ros.ament_python' and name 'node_bridge_ros2'
[0.376s] Level 1:colcon.colcon_core.package_identification:_identify(src/node_interface) by extensions ['ignore', 'ignore_ament_install']
[0.376s] Level 1:colcon.colcon_core.package_identification:_identify(src/node_interface) by extension 'ignore'
[0.376s] Level 1:colcon.colcon_core.package_identification:_identify(src/node_interface) by extension 'ignore_ament_install'
[0.376s] Level 1:colcon.colcon_core.package_identification:_identify(src/node_interface) by extensions ['colcon_pkg']
[0.376s] Level 1:colcon.colcon_core.package_identification:_identify(src/node_interface) by extension 'colcon_pkg'
[0.376s] Level 1:colcon.colcon_core.package_identification:_identify(src/node_interface) by extensions ['colcon_meta']
[0.376s] Level 1:colcon.colcon_core.package_identification:_identify(src/node_interface) by extension 'colcon_meta'
[0.376s] Level 1:colcon.colcon_core.package_identification:_identify(src/node_interface) by extensions ['ros']
[0.376s] Level 1:colcon.colcon_core.package_identification:_identify(src/node_interface) by extension 'ros'
[0.376s] DEBUG:colcon.colcon_core.package_identification:Package 'src/node_interface' with type 'ros.ament_cmake' and name 'node_interface'
[0.377s] Level 1:colcon.colcon_core.package_discovery:discover_packages(recursive) using defaults
[0.377s] Level 1:colcon.colcon_core.package_discovery:discover_packages(ignore) discover
[0.377s] Level 1:colcon.colcon_core.package_discovery:discover_packages(ignore) using defaults
[0.377s] Level 1:colcon.colcon_core.package_discovery:discover_packages(path) discover
[0.377s] Level 1:colcon.colcon_core.package_discovery:discover_packages(path) using defaults
[0.396s] INFO:colcon.colcon_core.package_selection:Skipping not selected package 'autoaim' in 'src/autoaim'
[0.396s] INFO:colcon.colcon_core.package_selection:Skipping not selected package 'node_interface' in 'src/node_interface'
[0.397s] Level 1:colcon.colcon_core.package_discovery:discover_packages(prefix_path) check parameters
[0.397s] Level 1:colcon.colcon_core.package_discovery:discover_packages(prefix_path) discover
[0.401s] DEBUG:colcon.colcon_installed_package_information.package_discovery:Found 270 installed packages in /opt/ros/humble
[0.402s] Level 1:colcon.colcon_core.package_discovery:discover_packages(prefix_path) using defaults
[0.434s] Level 5:colcon.colcon_core.verb:set package 'node_bridge_ros2' build argument 'cmake_args' from command line to 'None'
[0.434s] Level 5:colcon.colcon_core.verb:set package 'node_bridge_ros2' build argument 'cmake_target' from command line to 'None'
[0.434s] Level 5:colcon.colcon_core.verb:set package 'node_bridge_ros2' build argument 'cmake_target_skip_unavailable' from command line to 'False'
[0.434s] Level 5:colcon.colcon_core.verb:set package 'node_bridge_ros2' build argument 'cmake_clean_cache' from command line to 'False'
[0.434s] Level 5:colcon.colcon_core.verb:set package 'node_bridge_ros2' build argument 'cmake_clean_first' from command line to 'False'
[0.434s] Level 5:colcon.colcon_core.verb:set package 'node_bridge_ros2' build argument 'cmake_force_configure' from command line to 'False'
[0.434s] Level 5:colcon.colcon_core.verb:set package 'node_bridge_ros2' build argument 'ament_cmake_args' from command line to 'None'
[0.434s] Level 5:colcon.colcon_core.verb:set package 'node_bridge_ros2' build argument 'catkin_cmake_args' from command line to 'None'
[0.434s] Level 5:colcon.colcon_core.verb:set package 'node_bridge_ros2' build argument 'catkin_skip_building_tests' from command line to 'False'
[0.434s] DEBUG:colcon.colcon_core.verb:Building package 'node_bridge_ros2' with the following arguments: {'ament_cmake_args': None, 'build_base': '/home/amwhisper/ros/workspace/nbr2_ws/build/node_bridge_ros2', 'catkin_cmake_args': None, 'catkin_skip_building_tests': False, 'cmake_args': None, 'cmake_clean_cache': False, 'cmake_clean_first': False, 'cmake_force_configure': False, 'cmake_target': None, 'cmake_target_skip_unavailable': False, 'install_base': '/home/amwhisper/ros/workspace/nbr2_ws/install/node_bridge_ros2', 'merge_install': False, 'path': '/home/amwhisper/ros/workspace/nbr2_ws/src/node_bridge_ros2', 'symlink_install': False, 'test_result_base': None}
[0.435s] INFO:colcon.colcon_core.executor:Executing jobs using 'parallel' executor
[0.435s] DEBUG:colcon.colcon_parallel_executor.executor.parallel:run_until_complete
[0.436s] INFO:colcon.colcon_ros.task.ament_python.build:Building ROS package in '/home/amwhisper/ros/workspace/nbr2_ws/src/node_bridge_ros2' with build type 'ament_python'
[0.436s] Level 1:colcon.colcon_core.shell:create_environment_hook('node_bridge_ros2', 'ament_prefix_path')
[0.441s] INFO:colcon.colcon_core.plugin_system:Skipping extension 'colcon_core.shell.bat': Not used on non-Windows systems
[0.441s] INFO:colcon.colcon_core.shell:Creating environment hook '/home/amwhisper/ros/workspace/nbr2_ws/install/node_bridge_ros2/share/node_bridge_ros2/hook/ament_prefix_path.ps1'
[0.442s] INFO:colcon.colcon_core.shell:Creating environment descriptor '/home/amwhisper/ros/workspace/nbr2_ws/install/node_bridge_ros2/share/node_bridge_ros2/hook/ament_prefix_path.dsv'
[0.443s] INFO:colcon.colcon_core.shell:Creating environment hook '/home/amwhisper/ros/workspace/nbr2_ws/install/node_bridge_ros2/share/node_bridge_ros2/hook/ament_prefix_path.sh'
[0.444s] INFO:colcon.colcon_core.shell:Skip shell extension 'powershell' for command environment: Not usable outside of PowerShell
[0.444s] DEBUG:colcon.colcon_core.shell:Skip shell extension 'dsv' for command environment
[0.654s] INFO:colcon.colcon_core.task.python.build:Building Python package in '/home/amwhisper/ros/workspace/nbr2_ws/src/node_bridge_ros2'
[0.654s] INFO:colcon.colcon_core.shell:Skip shell extension 'powershell' for command environment: Not usable outside of PowerShell
[0.654s] DEBUG:colcon.colcon_core.shell:Skip shell extension 'dsv' for command environment
[0.933s] DEBUG:colcon.colcon_core.event_handler.log_command:Invoking command in '/home/amwhisper/ros/workspace/nbr2_ws/src/node_bridge_ros2': AMENT_PREFIX_PATH=/home/amwhisper/ros/workspace/nbr2_ws/install/node_interface:/home/amwhisper/ros/workspace/nbr2_ws/install/autoaim:${AMENT_PREFIX_PATH} CMAKE_PREFIX_PATH=/home/amwhisper/ros/workspace/nbr2_ws/install/node_interface LD_LIBRARY_PATH=/home/amwhisper/ros/workspace/nbr2_ws/install/node_interface/lib:${LD_LIBRARY_PATH} PYTHONPATH=/home/amwhisper/ros/workspace/nbr2_ws/build/node_bridge_ros2/prefix_override:/home/amwhisper/ros/workspace/nbr2_ws/install/node_bridge_ros2/lib/python3.10/site-packages:/home/amwhisper/ros/workspace/nbr2_ws/install/node_interface/local/lib/python3.10/dist-packages:/home/amwhisper/ros/workspace/nbr2_ws/install/autoaim/lib/python3.10/site-packages:${PYTHONPATH} /usr/bin/python3 -W ignore:setup.py install is deprecated setup.py egg_info --egg-base ../../build/node_bridge_ros2 build --build-base /home/amwhisper/ros/workspace/nbr2_ws/build/node_bridge_ros2/build install --record /home/amwhisper/ros/workspace/nbr2_ws/build/node_bridge_ros2/install.log --single-version-externally-managed install_data
[1.136s] DEBUG:colcon.colcon_core.event_handler.log_command:Invoked command in '/home/amwhisper/ros/workspace/nbr2_ws/src/node_bridge_ros2' returned '0': AMENT_PREFIX_PATH=/home/amwhisper/ros/workspace/nbr2_ws/install/node_interface:/home/amwhisper/ros/workspace/nbr2_ws/install/autoaim:${AMENT_PREFIX_PATH} CMAKE_PREFIX_PATH=/home/amwhisper/ros/workspace/nbr2_ws/install/node_interface LD_LIBRARY_PATH=/home/amwhisper/ros/workspace/nbr2_ws/install/node_interface/lib:${LD_LIBRARY_PATH} PYTHONPATH=/home/amwhisper/ros/workspace/nbr2_ws/build/node_bridge_ros2/prefix_override:/home/amwhisper/ros/workspace/nbr2_ws/install/node_bridge_ros2/lib/python3.10/site-packages:/home/amwhisper/ros/workspace/nbr2_ws/install/node_interface/local/lib/python3.10/dist-packages:/home/amwhisper/ros/workspace/nbr2_ws/install/autoaim/lib/python3.10/site-packages:${PYTHONPATH} /usr/bin/python3 -W ignore:setup.py install is deprecated setup.py egg_info --egg-base ../../build/node_bridge_ros2 build --build-base /home/amwhisper/ros/workspace/nbr2_ws/build/node_bridge_ros2/build install --record /home/amwhisper/ros/workspace/nbr2_ws/build/node_bridge_ros2/install.log --single-version-externally-managed install_data
[1.142s] Level 1:colcon.colcon_core.environment:checking '/home/amwhisper/ros/workspace/nbr2_ws/install/node_bridge_ros2' for CMake module files
[1.142s] Level 1:colcon.colcon_core.environment:checking '/home/amwhisper/ros/workspace/nbr2_ws/install/node_bridge_ros2' for CMake config files
[1.143s] Level 1:colcon.colcon_core.environment:checking '/home/amwhisper/ros/workspace/nbr2_ws/install/node_bridge_ros2/lib'
[1.143s] Level 1:colcon.colcon_core.environment:checking '/home/amwhisper/ros/workspace/nbr2_ws/install/node_bridge_ros2/bin'
[1.143s] Level 1:colcon.colcon_core.environment:checking '/home/amwhisper/ros/workspace/nbr2_ws/install/node_bridge_ros2/lib/pkgconfig/node_bridge_ros2.pc'
[1.143s] Level 1:colcon.colcon_core.environment:checking '/home/amwhisper/ros/workspace/nbr2_ws/install/node_bridge_ros2/lib/python3.10/site-packages'
[1.143s] Level 1:colcon.colcon_core.shell:create_environment_hook('node_bridge_ros2', 'pythonpath')
[1.144s] INFO:colcon.colcon_core.shell:Creating environment hook '/home/amwhisper/ros/workspace/nbr2_ws/install/node_bridge_ros2/share/node_bridge_ros2/hook/pythonpath.ps1'
[1.144s] INFO:colcon.colcon_core.shell:Creating environment descriptor '/home/amwhisper/ros/workspace/nbr2_ws/install/node_bridge_ros2/share/node_bridge_ros2/hook/pythonpath.dsv'
[1.144s] INFO:colcon.colcon_core.shell:Creating environment hook '/home/amwhisper/ros/workspace/nbr2_ws/install/node_bridge_ros2/share/node_bridge_ros2/hook/pythonpath.sh'
[1.145s] Level 1:colcon.colcon_core.environment:checking '/home/amwhisper/ros/workspace/nbr2_ws/install/node_bridge_ros2/bin'
[1.145s] Level 1:colcon.colcon_core.environment:create_environment_scripts_only(node_bridge_ros2)
[1.145s] INFO:colcon.colcon_core.shell:Creating package script '/home/amwhisper/ros/workspace/nbr2_ws/install/node_bridge_ros2/share/node_bridge_ros2/package.ps1'
[1.147s] INFO:colcon.colcon_core.shell:Creating package descriptor '/home/amwhisper/ros/workspace/nbr2_ws/install/node_bridge_ros2/share/node_bridge_ros2/package.dsv'
[1.148s] INFO:colcon.colcon_core.shell:Creating package script '/home/amwhisper/ros/workspace/nbr2_ws/install/node_bridge_ros2/share/node_bridge_ros2/package.sh'
[1.149s] INFO:colcon.colcon_core.shell:Creating package script '/home/amwhisper/ros/workspace/nbr2_ws/install/node_bridge_ros2/share/node_bridge_ros2/package.bash'
[1.151s] INFO:colcon.colcon_core.shell:Creating package script '/home/amwhisper/ros/workspace/nbr2_ws/install/node_bridge_ros2/share/node_bridge_ros2/package.zsh'
[1.152s] Level 1:colcon.colcon_core.environment:create_file_with_runtime_dependencies(/home/amwhisper/ros/workspace/nbr2_ws/install/node_bridge_ros2/share/colcon-core/packages/node_bridge_ros2)
[1.153s] DEBUG:colcon.colcon_parallel_executor.executor.parallel:closing loop
[1.153s] DEBUG:colcon.colcon_parallel_executor.executor.parallel:loop closed
[1.153s] DEBUG:colcon.colcon_parallel_executor.executor.parallel:run_until_complete finished with '0'
[1.153s] DEBUG:colcon.colcon_core.event_reactor:joining thread
[1.160s] INFO:colcon.colcon_core.plugin_system:Skipping extension 'colcon_notification.desktop_notification.terminal_notifier': Not used on non-Darwin systems
[1.160s] INFO:colcon.colcon_core.plugin_system:Skipping extension 'colcon_notification.desktop_notification.win32': Not used on non-Windows systems
[1.160s] INFO:colcon.colcon_notification.desktop_notification:Sending desktop notification using 'notify2'
[1.182s] DEBUG:colcon.colcon_core.event_reactor:joined thread
[1.182s] INFO:colcon.colcon_core.shell:Creating prefix script '/home/amwhisper/ros/workspace/nbr2_ws/install/local_setup.ps1'
[1.184s] INFO:colcon.colcon_core.shell:Creating prefix util module '/home/amwhisper/ros/workspace/nbr2_ws/install/_local_setup_util_ps1.py'
[1.185s] INFO:colcon.colcon_core.shell:Creating prefix chain script '/home/amwhisper/ros/workspace/nbr2_ws/install/setup.ps1'
[1.187s] INFO:colcon.colcon_core.shell:Creating prefix script '/home/amwhisper/ros/workspace/nbr2_ws/install/local_setup.sh'
[1.189s] INFO:colcon.colcon_core.shell:Creating prefix util module '/home/amwhisper/ros/workspace/nbr2_ws/install/_local_setup_util_sh.py'
[1.190s] INFO:colcon.colcon_core.shell:Creating prefix chain script '/home/amwhisper/ros/workspace/nbr2_ws/install/setup.sh'
[1.192s] INFO:colcon.colcon_core.shell:Creating prefix script '/home/amwhisper/ros/workspace/nbr2_ws/install/local_setup.bash'
[1.193s] INFO:colcon.colcon_core.shell:Creating prefix chain script '/home/amwhisper/ros/workspace/nbr2_ws/install/setup.bash'
[1.195s] INFO:colcon.colcon_core.shell:Creating prefix script '/home/amwhisper/ros/workspace/nbr2_ws/install/local_setup.zsh'
[1.196s] INFO:colcon.colcon_core.shell:Creating prefix chain script '/home/amwhisper/ros/workspace/nbr2_ws/install/setup.zsh'
