/home/amwhisper/ros/workspace/nbr2_ws/install/node_bridge_ros2/lib/python3.10/site-packages/node_bridge_ros2/bridge.py
/home/amwhisper/ros/workspace/nbr2_ws/install/node_bridge_ros2/lib/python3.10/site-packages/node_bridge_ros2/bridge_ros2.py
/home/amwhisper/ros/workspace/nbr2_ws/install/node_bridge_ros2/lib/python3.10/site-packages/node_bridge_ros2/__init__.py
/home/amwhisper/ros/workspace/nbr2_ws/install/node_bridge_ros2/lib/python3.10/site-packages/node_bridge_ros2/protocol.py
/home/amwhisper/ros/workspace/nbr2_ws/install/node_bridge_ros2/lib/python3.10/site-packages/node_bridge_ros2/test.py
/home/amwhisper/ros/workspace/nbr2_ws/install/node_bridge_ros2/lib/python3.10/site-packages/node_bridge_ros2/helpers.py
/home/amwhisper/ros/workspace/nbr2_ws/install/node_bridge_ros2/lib/python3.10/site-packages/node_bridge_ros2/__pycache__/bridge.cpython-310.pyc
/home/amwhisper/ros/workspace/nbr2_ws/install/node_bridge_ros2/lib/python3.10/site-packages/node_bridge_ros2/__pycache__/bridge_ros2.cpython-310.pyc
/home/amwhisper/ros/workspace/nbr2_ws/install/node_bridge_ros2/lib/python3.10/site-packages/node_bridge_ros2/__pycache__/__init__.cpython-310.pyc
/home/amwhisper/ros/workspace/nbr2_ws/install/node_bridge_ros2/lib/python3.10/site-packages/node_bridge_ros2/__pycache__/protocol.cpython-310.pyc
/home/amwhisper/ros/workspace/nbr2_ws/install/node_bridge_ros2/lib/python3.10/site-packages/node_bridge_ros2/__pycache__/test.cpython-310.pyc
/home/amwhisper/ros/workspace/nbr2_ws/install/node_bridge_ros2/lib/python3.10/site-packages/node_bridge_ros2/__pycache__/helpers.cpython-310.pyc
/home/amwhisper/ros/workspace/nbr2_ws/install/node_bridge_ros2/share/ament_index/resource_index/packages/node_bridge_ros2
/home/amwhisper/ros/workspace/nbr2_ws/install/node_bridge_ros2/share/node_bridge_ros2/package.xml
/home/amwhisper/ros/workspace/nbr2_ws/install/node_bridge_ros2/lib/python3.10/site-packages/node_bridge_ros2-0.0.0-py3.10.egg-info/entry_points.txt
/home/amwhisper/ros/workspace/nbr2_ws/install/node_bridge_ros2/lib/python3.10/site-packages/node_bridge_ros2-0.0.0-py3.10.egg-info/top_level.txt
/home/amwhisper/ros/workspace/nbr2_ws/install/node_bridge_ros2/lib/python3.10/site-packages/node_bridge_ros2-0.0.0-py3.10.egg-info/SOURCES.txt
/home/amwhisper/ros/workspace/nbr2_ws/install/node_bridge_ros2/lib/python3.10/site-packages/node_bridge_ros2-0.0.0-py3.10.egg-info/PKG-INFO
/home/amwhisper/ros/workspace/nbr2_ws/install/node_bridge_ros2/lib/python3.10/site-packages/node_bridge_ros2-0.0.0-py3.10.egg-info/zip-safe
/home/amwhisper/ros/workspace/nbr2_ws/install/node_bridge_ros2/lib/python3.10/site-packages/node_bridge_ros2-0.0.0-py3.10.egg-info/dependency_links.txt
/home/amwhisper/ros/workspace/nbr2_ws/install/node_bridge_ros2/lib/python3.10/site-packages/node_bridge_ros2-0.0.0-py3.10.egg-info/requires.txt
/home/amwhisper/ros/workspace/nbr2_ws/install/node_bridge_ros2/lib/node_bridge_ros2/bridge_ros2
